INFO:     Will watch for changes in these directories: ['C:\\Users\\20030497\\Desktop\\AGV RTLS\\AGV_RTLS_V3']
INFO:     Uvicorn running on http://0.0.0.0:8000 (Press CTRL+C to quit)
INFO:     Started reloader process [28224] using StatReload
Process SpawnProcess-1:
Traceback (most recent call last):
  File "C:\Users\20030497\Desktop\AGV RTLS\AGV_RTLS_V3\venv\lib\site-packages\dbutils\pooled_db.py", line 335, in connection
    con = self._idle_cache.pop(0)
IndexError: pop from empty list

During handling of the above exception, another exception occurred:

Traceback (most recent call last):
  File "C:\Users\20030497\AppData\Local\Programs\Python\Python310\lib\multiprocessing\process.py", line 315, in _bootstrap
    self.run()
  File "C:\Users\20030497\AppData\Local\Programs\Python\Python310\lib\multiprocessing\process.py", line 108, in run
    self._target(*self._args, **self._kwargs)
  File "C:\Users\20030497\Desktop\AGV RTLS\AGV_RTLS_V3\venv\lib\site-packages\uvicorn\_subprocess.py", line 80, in subprocess_started
    target(sockets=sockets)
  File "C:\Users\20030497\Desktop\AGV RTLS\AGV_RTLS_V3\venv\lib\site-packages\uvicorn\server.py", line 65, in run
    return asyncio.run(self.serve(sockets=sockets))
  File "C:\Users\20030497\AppData\Local\Programs\Python\Python310\lib\asyncio\runners.py", line 44, in run
    return loop.run_until_complete(main)
  File "C:\Users\20030497\AppData\Local\Programs\Python\Python310\lib\asyncio\base_events.py", line 641, in run_until_complete
    return future.result()
  File "C:\Users\20030497\Desktop\AGV RTLS\AGV_RTLS_V3\venv\lib\site-packages\uvicorn\server.py", line 69, in serve
    await self._serve(sockets)
  File "C:\Users\20030497\Desktop\AGV RTLS\AGV_RTLS_V3\venv\lib\site-packages\uvicorn\server.py", line 76, in _serve
    config.load()
  File "C:\Users\20030497\Desktop\AGV RTLS\AGV_RTLS_V3\venv\lib\site-packages\uvicorn\config.py", line 434, in load
    self.loaded_app = import_from_string(self.app)
  File "C:\Users\20030497\Desktop\AGV RTLS\AGV_RTLS_V3\venv\lib\site-packages\uvicorn\importer.py", line 19, in import_from_string
    module = importlib.import_module(module_str)
  File "C:\Users\20030497\AppData\Local\Programs\Python\Python310\lib\importlib\__init__.py", line 126, in import_module
    return _bootstrap._gcd_import(name[level:], package, level)
  File "<frozen importlib._bootstrap>", line 1050, in _gcd_import
  File "<frozen importlib._bootstrap>", line 1027, in _find_and_load
  File "<frozen importlib._bootstrap>", line 1006, in _find_and_load_unlocked
  File "<frozen importlib._bootstrap>", line 688, in _load_unlocked
  File "<frozen importlib._bootstrap_external>", line 883, in exec_module
  File "<frozen importlib._bootstrap>", line 241, in _call_with_frames_removed
  File "C:\Users\20030497\Desktop\AGV RTLS\AGV_RTLS_V3\src\api\fastapi_app.py", line 18, in <module>
    from src.core.database import db_manager
  File "C:\Users\20030497\Desktop\AGV RTLS\AGV_RTLS_V3\src\core\__init__.py", line 3, in <module>
    from .database import db_manager, DatabaseManager
  File "C:\Users\20030497\Desktop\AGV RTLS\AGV_RTLS_V3\src\core\database.py", line 267, in <module>
    db_manager = DatabaseManager()
  File "C:\Users\20030497\Desktop\AGV RTLS\AGV_RTLS_V3\src\core\database.py", line 27, in __init__
    self.sync_pool = self._create_sync_pool()
  File "C:\Users\20030497\Desktop\AGV RTLS\AGV_RTLS_V3\src\core\database.py", line 48, in _create_sync_pool
    return PooledDB(
  File "C:\Users\20030497\Desktop\AGV RTLS\AGV_RTLS_V3\venv\lib\site-packages\dbutils\pooled_db.py", line 282, in __init__
    idle = [self.dedicated_connection() for i in range(mincached)]
  File "C:\Users\20030497\Desktop\AGV RTLS\AGV_RTLS_V3\venv\lib\site-packages\dbutils\pooled_db.py", line 282, in <listcomp>
    idle = [self.dedicated_connection() for i in range(mincached)]
  File "C:\Users\20030497\Desktop\AGV RTLS\AGV_RTLS_V3\venv\lib\site-packages\dbutils\pooled_db.py", line 346, in dedicated_connection
    return self.connection(False)
  File "C:\Users\20030497\Desktop\AGV RTLS\AGV_RTLS_V3\venv\lib\site-packages\dbutils\pooled_db.py", line 337, in connection
    con = self.steady_connection()
  File "C:\Users\20030497\Desktop\AGV RTLS\AGV_RTLS_V3\venv\lib\site-packages\dbutils\pooled_db.py", line 288, in steady_connection
    return connect(
  File "C:\Users\20030497\Desktop\AGV RTLS\AGV_RTLS_V3\venv\lib\site-packages\dbutils\steady_db.py", line 138, in connect
    return SteadyDBConnection(
  File "C:\Users\20030497\Desktop\AGV RTLS\AGV_RTLS_V3\venv\lib\site-packages\dbutils\steady_db.py", line 197, in __init__
    self._store(self._create())
  File "C:\Users\20030497\Desktop\AGV RTLS\AGV_RTLS_V3\venv\lib\site-packages\dbutils\steady_db.py", line 215, in _create
    con = self._creator(*self._args, **self._kwargs)
  File "C:\Users\20030497\Desktop\AGV RTLS\AGV_RTLS_V3\venv\lib\site-packages\pymysql\connections.py", line 361, in __init__
    self.connect()
  File "C:\Users\20030497\Desktop\AGV RTLS\AGV_RTLS_V3\venv\lib\site-packages\pymysql\connections.py", line 669, in connect
    self._request_authentication()
  File "C:\Users\20030497\Desktop\AGV RTLS\AGV_RTLS_V3\venv\lib\site-packages\pymysql\connections.py", line 979, in _request_authentication
    auth_packet = _auth.caching_sha2_password_auth(self, auth_packet)
  File "C:\Users\20030497\Desktop\AGV RTLS\AGV_RTLS_V3\venv\lib\site-packages\pymysql\_auth.py", line 267, in caching_sha2_password_auth
    data = sha2_rsa_encrypt(conn.password, conn.salt, conn.server_public_key)
  File "C:\Users\20030497\Desktop\AGV RTLS\AGV_RTLS_V3\venv\lib\site-packages\pymysql\_auth.py", line 144, in sha2_rsa_encrypt
    raise RuntimeError(
RuntimeError: 'cryptography' package is required for sha256_password or caching_sha2_password auth methods
INFO:     Will watch for changes in these directories: ['C:\\Users\\20030497\\Desktop\\AGV RTLS\\AGV_RTLS_V3']
INFO:     Uvicorn running on http://0.0.0.0:8000 (Press CTRL+C to quit)
INFO:     Started reloader process [12264] using StatReload
[32m2025-09-03 13:53:47.913[0m | [1mINFO    [0m | [36msrc.core.database[0m:[36m_init_checks[0m:[36m95[0m - [1mConnected to MySQL 8.0.43[0m
Process SpawnProcess-1:
Traceback (most recent call last):
  File "C:\Users\20030497\AppData\Local\Programs\Python\Python310\lib\multiprocessing\process.py", line 315, in _bootstrap
    self.run()
  File "C:\Users\20030497\AppData\Local\Programs\Python\Python310\lib\multiprocessing\process.py", line 108, in run
    self._target(*self._args, **self._kwargs)
  File "C:\Users\20030497\Desktop\AGV RTLS\AGV_RTLS_V3\venv\lib\site-packages\uvicorn\_subprocess.py", line 80, in subprocess_started
    target(sockets=sockets)
  File "C:\Users\20030497\Desktop\AGV RTLS\AGV_RTLS_V3\venv\lib\site-packages\uvicorn\server.py", line 65, in run
    return asyncio.run(self.serve(sockets=sockets))
  File "C:\Users\20030497\AppData\Local\Programs\Python\Python310\lib\asyncio\runners.py", line 44, in run
    return loop.run_until_complete(main)
  File "C:\Users\20030497\AppData\Local\Programs\Python\Python310\lib\asyncio\base_events.py", line 641, in run_until_complete
    return future.result()
  File "C:\Users\20030497\Desktop\AGV RTLS\AGV_RTLS_V3\venv\lib\site-packages\uvicorn\server.py", line 69, in serve
    await self._serve(sockets)
  File "C:\Users\20030497\Desktop\AGV RTLS\AGV_RTLS_V3\venv\lib\site-packages\uvicorn\server.py", line 76, in _serve
    config.load()
  File "C:\Users\20030497\Desktop\AGV RTLS\AGV_RTLS_V3\venv\lib\site-packages\uvicorn\config.py", line 434, in load
    self.loaded_app = import_from_string(self.app)
  File "C:\Users\20030497\Desktop\AGV RTLS\AGV_RTLS_V3\venv\lib\site-packages\uvicorn\importer.py", line 22, in import_from_string
    raise exc from None
  File "C:\Users\20030497\Desktop\AGV RTLS\AGV_RTLS_V3\venv\lib\site-packages\uvicorn\importer.py", line 19, in import_from_string
    module = importlib.import_module(module_str)
  File "C:\Users\20030497\AppData\Local\Programs\Python\Python310\lib\importlib\__init__.py", line 126, in import_module
    return _bootstrap._gcd_import(name[level:], package, level)
  File "<frozen importlib._bootstrap>", line 1050, in _gcd_import
  File "<frozen importlib._bootstrap>", line 1027, in _find_and_load
  File "<frozen importlib._bootstrap>", line 1006, in _find_and_load_unlocked
  File "<frozen importlib._bootstrap>", line 688, in _load_unlocked
  File "<frozen importlib._bootstrap_external>", line 883, in exec_module
  File "<frozen importlib._bootstrap>", line 241, in _call_with_frames_removed
  File "C:\Users\20030497\Desktop\AGV RTLS\AGV_RTLS_V3\src\api\fastapi_app.py", line 20, in <module>
    from src.analytics.performance_metrics import PerformanceMetrics
  File "C:\Users\20030497\Desktop\AGV RTLS\AGV_RTLS_V3\src\analytics\__init__.py", line 3, in <module>
    from .trajectory_analyzer import TrajectoryAnalyzer
  File "C:\Users\20030497\Desktop\AGV RTLS\AGV_RTLS_V3\src\analytics\trajectory_analyzer.py", line 11, in <module>
    import networkx as nx
ModuleNotFoundError: No module named 'networkx'
INFO:     Will watch for changes in these directories: ['C:\\Users\\20030497\\Desktop\\AGV RTLS\\AGV_RTLS_V3']
INFO:     Uvicorn running on http://0.0.0.0:8000 (Press CTRL+C to quit)
INFO:     Started reloader process [10748] using StatReload
[32m2025-09-03 13:55:06.035[0m | [1mINFO    [0m | [36msrc.core.database[0m:[36m_init_checks[0m:[36m95[0m - [1mConnected to MySQL 8.0.43[0m
Process SpawnProcess-1:
Traceback (most recent call last):
  File "C:\Users\20030497\AppData\Local\Programs\Python\Python310\lib\multiprocessing\process.py", line 315, in _bootstrap
    self.run()
  File "C:\Users\20030497\AppData\Local\Programs\Python\Python310\lib\multiprocessing\process.py", line 108, in run
    self._target(*self._args, **self._kwargs)
  File "C:\Users\20030497\Desktop\AGV RTLS\AGV_RTLS_V3\venv\lib\site-packages\uvicorn\_subprocess.py", line 80, in subprocess_started
    target(sockets=sockets)
  File "C:\Users\20030497\Desktop\AGV RTLS\AGV_RTLS_V3\venv\lib\site-packages\uvicorn\server.py", line 65, in run
    return asyncio.run(self.serve(sockets=sockets))
  File "C:\Users\20030497\AppData\Local\Programs\Python\Python310\lib\asyncio\runners.py", line 44, in run
    return loop.run_until_complete(main)
  File "C:\Users\20030497\AppData\Local\Programs\Python\Python310\lib\asyncio\base_events.py", line 641, in run_until_complete
    return future.result()
  File "C:\Users\20030497\Desktop\AGV RTLS\AGV_RTLS_V3\venv\lib\site-packages\uvicorn\server.py", line 69, in serve
    await self._serve(sockets)
  File "C:\Users\20030497\Desktop\AGV RTLS\AGV_RTLS_V3\venv\lib\site-packages\uvicorn\server.py", line 76, in _serve
    config.load()
  File "C:\Users\20030497\Desktop\AGV RTLS\AGV_RTLS_V3\venv\lib\site-packages\uvicorn\config.py", line 434, in load
    self.loaded_app = import_from_string(self.app)
  File "C:\Users\20030497\Desktop\AGV RTLS\AGV_RTLS_V3\venv\lib\site-packages\uvicorn\importer.py", line 19, in import_from_string
    module = importlib.import_module(module_str)
  File "C:\Users\20030497\AppData\Local\Programs\Python\Python310\lib\importlib\__init__.py", line 126, in import_module
    return _bootstrap._gcd_import(name[level:], package, level)
  File "<frozen importlib._bootstrap>", line 1050, in _gcd_import
  File "<frozen importlib._bootstrap>", line 1027, in _find_and_load
  File "<frozen importlib._bootstrap>", line 1006, in _find_and_load_unlocked
  File "<frozen importlib._bootstrap>", line 688, in _load_unlocked
  File "<frozen importlib._bootstrap_external>", line 883, in exec_module
  File "<frozen importlib._bootstrap>", line 241, in _call_with_frames_removed
  File "C:\Users\20030497\Desktop\AGV RTLS\AGV_RTLS_V3\src\api\fastapi_app.py", line 20, in <module>
    from src.analytics.performance_metrics import PerformanceMetrics
  File "C:\Users\20030497\Desktop\AGV RTLS\AGV_RTLS_V3\src\analytics\__init__.py", line 4, in <module>
    from .heatmap_generator import HeatmapGenerator
  File "C:\Users\20030497\Desktop\AGV RTLS\AGV_RTLS_V3\src\analytics\heatmap_generator.py", line 10, in <module>
    import datashader as ds
  File "C:\Users\20030497\Desktop\AGV RTLS\AGV_RTLS_V3\venv\lib\site-packages\datashader\__init__.py", line 14, in <module>
    from . import data_libraries                             # noqa (API import)
  File "C:\Users\20030497\Desktop\AGV RTLS\AGV_RTLS_V3\venv\lib\site-packages\datashader\data_libraries\__init__.py", line 5, in <module>
    from . import dask    # noqa (API import)
  File "C:\Users\20030497\Desktop\AGV RTLS\AGV_RTLS_V3\venv\lib\site-packages\datashader\data_libraries\dask.py", line 55, in <module>
    bypixel.pipeline.register(dd.core.DataFrame)(dask_pipeline)
AttributeError: module 'dask.dataframe.core' has no attribute 'DataFrame'
WARNING:  StatReload detected changes in 'venv\Lib\site-packages\zipp\glob.py'. Reloading...
Traceback (most recent call last):
  File "C:\Users\20030497\AppData\Local\Programs\Python\Python310\lib\runpy.py", line 196, in _run_module_as_main
    return _run_code(code, main_globals, None,
  File "C:\Users\20030497\AppData\Local\Programs\Python\Python310\lib\runpy.py", line 86, in _run_code
    exec(code, run_globals)
  File "C:\Users\20030497\Desktop\AGV RTLS\AGV_RTLS_V3\venv\lib\site-packages\uvicorn\__main__.py", line 4, in <module>
    uvicorn.main()
  File "C:\Users\20030497\Desktop\AGV RTLS\AGV_RTLS_V3\venv\lib\site-packages\click\core.py", line 1157, in __call__
    return self.main(*args, **kwargs)
  File "C:\Users\20030497\Desktop\AGV RTLS\AGV_RTLS_V3\venv\lib\site-packages\click\core.py", line 1078, in main
    rv = self.invoke(ctx)
  File "C:\Users\20030497\Desktop\AGV RTLS\AGV_RTLS_V3\venv\lib\site-packages\click\core.py", line 1434, in invoke
    return ctx.invoke(self.callback, **ctx.params)
  File "C:\Users\20030497\Desktop\AGV RTLS\AGV_RTLS_V3\venv\lib\site-packages\click\core.py", line 783, in invoke
    return __callback(*args, **kwargs)
  File "C:\Users\20030497\Desktop\AGV RTLS\AGV_RTLS_V3\venv\lib\site-packages\uvicorn\main.py", line 412, in main
    run(
  File "C:\Users\20030497\Desktop\AGV RTLS\AGV_RTLS_V3\venv\lib\site-packages\uvicorn\main.py", line 574, in run
    ChangeReload(config, target=server.run, sockets=[sock]).run()
  File "C:\Users\20030497\Desktop\AGV RTLS\AGV_RTLS_V3\venv\lib\site-packages\uvicorn\supervisors\basereload.py", line 52, in run
    for changes in self:
  File "C:\Users\20030497\Desktop\AGV RTLS\AGV_RTLS_V3\venv\lib\site-packages\uvicorn\supervisors\basereload.py", line 71, in __next__
    return self.should_restart()
  File "C:\Users\20030497\Desktop\AGV RTLS\AGV_RTLS_V3\venv\lib\site-packages\uvicorn\supervisors\statreload.py", line 31, in should_restart
    for file in self.iter_py_files():
  File "C:\Users\20030497\Desktop\AGV RTLS\AGV_RTLS_V3\venv\lib\site-packages\uvicorn\supervisors\statreload.py", line 51, in iter_py_files
    for path in list(reload_dir.rglob("*.py")):
  File "C:\Users\20030497\AppData\Local\Programs\Python\Python310\lib\pathlib.py", line 1045, in rglob
    for p in selector.select_from(self):
  File "C:\Users\20030497\AppData\Local\Programs\Python\Python310\lib\pathlib.py", line 493, in _select_from
    for p in successor_select(starting_point, is_dir, exists, scandir):
  File "C:\Users\20030497\AppData\Local\Programs\Python\Python310\lib\pathlib.py", line 440, in _select_from
    with scandir(parent_path) as scandir_it:
FileNotFoundError: [WinError 3] The system cannot find the path specified: 'C:\\Users\\20030497\\Desktop\\AGV RTLS\\AGV_RTLS_V3\\venv\\Lib\\site-packages\\~rllib3'
[32m2025-09-03 14:01:29.467[0m | [1mINFO    [0m | [36msrc.core.database[0m:[36m_init_checks[0m:[36m95[0m - [1mConnected to MySQL 8.0.43[0m
Process SpawnProcess-2:
Traceback (most recent call last):
  File "C:\Users\20030497\AppData\Local\Programs\Python\Python310\lib\multiprocessing\process.py", line 315, in _bootstrap
    self.run()
  File "C:\Users\20030497\AppData\Local\Programs\Python\Python310\lib\multiprocessing\process.py", line 108, in run
    self._target(*self._args, **self._kwargs)
  File "C:\Users\20030497\Desktop\AGV RTLS\AGV_RTLS_V3\venv\lib\site-packages\uvicorn\_subprocess.py", line 80, in subprocess_started
    target(sockets=sockets)
  File "C:\Users\20030497\Desktop\AGV RTLS\AGV_RTLS_V3\venv\lib\site-packages\uvicorn\server.py", line 65, in run
    return asyncio.run(self.serve(sockets=sockets))
  File "C:\Users\20030497\AppData\Local\Programs\Python\Python310\lib\asyncio\runners.py", line 44, in run
    return loop.run_until_complete(main)
  File "C:\Users\20030497\AppData\Local\Programs\Python\Python310\lib\asyncio\base_events.py", line 641, in run_until_complete
    return future.result()
  File "C:\Users\20030497\Desktop\AGV RTLS\AGV_RTLS_V3\venv\lib\site-packages\uvicorn\server.py", line 69, in serve
    await self._serve(sockets)
  File "C:\Users\20030497\Desktop\AGV RTLS\AGV_RTLS_V3\venv\lib\site-packages\uvicorn\server.py", line 76, in _serve
    config.load()
  File "C:\Users\20030497\Desktop\AGV RTLS\AGV_RTLS_V3\venv\lib\site-packages\uvicorn\config.py", line 434, in load
    self.loaded_app = import_from_string(self.app)
  File "C:\Users\20030497\Desktop\AGV RTLS\AGV_RTLS_V3\venv\lib\site-packages\uvicorn\importer.py", line 19, in import_from_string
    module = importlib.import_module(module_str)
  File "C:\Users\20030497\AppData\Local\Programs\Python\Python310\lib\importlib\__init__.py", line 126, in import_module
    return _bootstrap._gcd_import(name[level:], package, level)
  File "<frozen importlib._bootstrap>", line 1050, in _gcd_import
  File "<frozen importlib._bootstrap>", line 1027, in _find_and_load
  File "<frozen importlib._bootstrap>", line 1006, in _find_and_load_unlocked
  File "<frozen importlib._bootstrap>", line 688, in _load_unlocked
  File "<frozen importlib._bootstrap_external>", line 883, in exec_module
  File "<frozen importlib._bootstrap>", line 241, in _call_with_frames_removed
  File "C:\Users\20030497\Desktop\AGV RTLS\AGV_RTLS_V3\src\api\fastapi_app.py", line 20, in <module>
    from src.analytics.performance_metrics import PerformanceMetrics
  File "C:\Users\20030497\Desktop\AGV RTLS\AGV_RTLS_V3\src\analytics\__init__.py", line 4, in <module>
    from .heatmap_generator import HeatmapGenerator
  File "C:\Users\20030497\Desktop\AGV RTLS\AGV_RTLS_V3\src\analytics\heatmap_generator.py", line 10, in <module>
    import datashader as ds
  File "C:\Users\20030497\Desktop\AGV RTLS\AGV_RTLS_V3\venv\lib\site-packages\datashader\__init__.py", line 9, in <module>
    from .core import Canvas                                 # noqa (API import)
  File "C:\Users\20030497\Desktop\AGV RTLS\AGV_RTLS_V3\venv\lib\site-packages\datashader\core.py", line 10, in <module>
    import dask.dataframe as dd
  File "C:\Users\20030497\Desktop\AGV RTLS\AGV_RTLS_V3\venv\lib\site-packages\dask\dataframe\__init__.py", line 25, in <module>
    from dask.dataframe.dask_expr import (
  File "C:\Users\20030497\Desktop\AGV RTLS\AGV_RTLS_V3\venv\lib\site-packages\dask\dataframe\dask_expr\__init__.py", line 3, in <module>
    from dask.dataframe.dask_expr import datasets
  File "C:\Users\20030497\Desktop\AGV RTLS\AGV_RTLS_V3\venv\lib\site-packages\dask\dataframe\dask_expr\datasets.py", line 10, in <module>
    from dask.dataframe.dask_expr._collection import new_collection
  File "C:\Users\20030497\Desktop\AGV RTLS\AGV_RTLS_V3\venv\lib\site-packages\dask\dataframe\dask_expr\_collection.py", line 22, in <module>
    from pyarrow import fs as pa_fs
ImportError: cannot import name 'fs' from 'pyarrow' (C:\Users\20030497\Desktop\AGV RTLS\AGV_RTLS_V3\venv\lib\site-packages\pyarrow\__init__.py)
INFO:     Will watch for changes in these directories: ['C:\\Users\\20030497\\Desktop\\AGV RTLS\\AGV_RTLS_V3']
INFO:     Uvicorn running on http://0.0.0.0:8000 (Press CTRL+C to quit)
INFO:     Started reloader process [23084] using StatReload
[32m2025-09-03 14:14:44.449[0m | [1mINFO    [0m | [36msrc.core.database[0m:[36m_init_checks[0m:[36m95[0m - [1mConnected to MySQL 8.0.43[0m
INFO:     Started server process [29276]
INFO:     Waiting for application startup.
[32m2025-09-03 14:14:55.457[0m | [1mINFO    [0m | [36msrc.api.fastapi_app[0m:[36mlifespan[0m:[36m73[0m - [1mStarting AGV RTLS API...[0m
[32m2025-09-03 14:14:55.457[0m | [1mINFO    [0m | [36msrc.api.websocket_handler[0m:[36mbroadcast_loop[0m:[36m268[0m - [1mStarting WebSocket broadcast loop[0m
INFO:     Application startup complete.
WARNING:  StatReload detected changes in 'src\dashboard\app.py'. Reloading...
INFO:     Shutting down
INFO:     Waiting for application shutdown.
[32m2025-09-03 14:19:34.001[0m | [1mINFO    [0m | [36msrc.api.fastapi_app[0m:[36mlifespan[0m:[36m87[0m - [1mShutting down AGV RTLS API...[0m
INFO:     Application shutdown complete.
INFO:     Finished server process [29276]
[32m2025-09-03 14:19:36.544[0m | [1mINFO    [0m | [36msrc.core.database[0m:[36m_init_checks[0m:[36m95[0m - [1mConnected to MySQL 8.0.43[0m
INFO:     Started server process [16704]
INFO:     Waiting for application startup.
[32m2025-09-03 14:19:40.267[0m | [1mINFO    [0m | [36msrc.api.fastapi_app[0m:[36mlifespan[0m:[36m73[0m - [1mStarting AGV RTLS API...[0m
[32m2025-09-03 14:19:40.267[0m | [1mINFO    [0m | [36msrc.api.websocket_handler[0m:[36mbroadcast_loop[0m:[36m268[0m - [1mStarting WebSocket broadcast loop[0m
INFO:     Application startup complete.
WARNING:  StatReload detected changes in 'src\dashboard\pages\01_agv_tracker.py'. Reloading...
INFO:     Shutting down
INFO:     Waiting for application shutdown.
[32m2025-09-03 14:20:06.927[0m | [1mINFO    [0m | [36msrc.api.fastapi_app[0m:[36mlifespan[0m:[36m87[0m - [1mShutting down AGV RTLS API...[0m
INFO:     Application shutdown complete.
INFO:     Finished server process [16704]
[32m2025-09-03 14:20:09.008[0m | [1mINFO    [0m | [36msrc.core.database[0m:[36m_init_checks[0m:[36m95[0m - [1mConnected to MySQL 8.0.43[0m
INFO:     Started server process [22208]
INFO:     Waiting for application startup.
[32m2025-09-03 14:20:12.251[0m | [1mINFO    [0m | [36msrc.api.fastapi_app[0m:[36mlifespan[0m:[36m73[0m - [1mStarting AGV RTLS API...[0m
[32m2025-09-03 14:20:12.251[0m | [1mINFO    [0m | [36msrc.api.websocket_handler[0m:[36mbroadcast_loop[0m:[36m268[0m - [1mStarting WebSocket broadcast loop[0m
INFO:     Application startup complete.
INFO:     Will watch for changes in these directories: ['C:\\Users\\20030497\\Desktop\\AGV RTLS\\AGV_RTLS_V3']
INFO:     Uvicorn running on http://0.0.0.0:8000 (Press CTRL+C to quit)
INFO:     Started reloader process [21584] using StatReload
[32m2025-09-03 14:23:10.778[0m | [1mINFO    [0m | [36msrc.core.database[0m:[36m_init_checks[0m:[36m95[0m - [1mConnected to MySQL 8.0.43[0m
INFO:     Started server process [15864]
INFO:     Waiting for application startup.
[32m2025-09-03 14:23:23.907[0m | [1mINFO    [0m | [36msrc.api.fastapi_app[0m:[36mlifespan[0m:[36m73[0m - [1mStarting AGV RTLS API...[0m
[32m2025-09-03 14:23:23.907[0m | [1mINFO    [0m | [36msrc.api.websocket_handler[0m:[36mbroadcast_loop[0m:[36m268[0m - [1mStarting WebSocket broadcast loop[0m
INFO:     Application startup complete.
WARNING:  StatReload detected changes in 'src\dashboard\components\map_renderer.py'. Reloading...
INFO:     Shutting down
INFO:     Waiting for application shutdown.
[32m2025-09-03 14:33:04.104[0m | [1mINFO    [0m | [36msrc.api.fastapi_app[0m:[36mlifespan[0m:[36m87[0m - [1mShutting down AGV RTLS API...[0m
INFO:     Application shutdown complete.
INFO:     Finished server process [15864]
[32m2025-09-03 14:33:07.183[0m | [1mINFO    [0m | [36msrc.core.database[0m:[36m_init_checks[0m:[36m95[0m - [1mConnected to MySQL 8.0.43[0m
INFO:     Started server process [18756]
INFO:     Waiting for application startup.
[32m2025-09-03 14:33:10.996[0m | [1mINFO    [0m | [36msrc.api.fastapi_app[0m:[36mlifespan[0m:[36m73[0m - [1mStarting AGV RTLS API...[0m
[32m2025-09-03 14:33:10.996[0m | [1mINFO    [0m | [36msrc.api.websocket_handler[0m:[36mbroadcast_loop[0m:[36m268[0m - [1mStarting WebSocket broadcast loop[0m
INFO:     Application startup complete.
WARNING:  StatReload detected changes in 'src\analytics\zone_analytics.py'. Reloading...
INFO:     Shutting down
INFO:     Waiting for application shutdown.
[32m2025-09-03 16:03:17.267[0m | [1mINFO    [0m | [36msrc.api.fastapi_app[0m:[36mlifespan[0m:[36m87[0m - [1mShutting down AGV RTLS API...[0m
INFO:     Application shutdown complete.
INFO:     Finished server process [18756]
INFO:     Will watch for changes in these directories: ['C:\\Users\\20030497\\Desktop\\AGV RTLS\\AGV_RTLS_V3']
INFO:     Uvicorn running on http://0.0.0.0:8000 (Press CTRL+C to quit)
INFO:     Started reloader process [25048] using StatReload
[32m2025-09-03 16:03:31.914[0m | [1mINFO    [0m | [36msrc.core.database[0m:[36m_init_checks[0m:[36m95[0m - [1mConnected to MySQL 8.0.43[0m
INFO:     Started server process [24064]
INFO:     Waiting for application startup.
[32m2025-09-03 16:03:40.155[0m | [1mINFO    [0m | [36msrc.api.fastapi_app[0m:[36mlifespan[0m:[36m73[0m - [1mStarting AGV RTLS API...[0m
[32m2025-09-03 16:03:40.155[0m | [1mINFO    [0m | [36msrc.api.websocket_handler[0m:[36mbroadcast_loop[0m:[36m268[0m - [1mStarting WebSocket broadcast loop[0m
[32m2025-09-03 16:03:40.164[0m | [31m[1mERROR   [0m | [36msrc.core.database[0m:[36mget_connection[0m:[36m120[0m - [31m[1mDatabase error: Query must be a string unless using sqlalchemy.[0m
[32m2025-09-03 16:03:40.164[0m | [31m[1mERROR   [0m | [36msrc.api.websocket_handler[0m:[36mbroadcast_loop[0m:[36m305[0m - [31m[1mError in broadcast loop: Query must be a string unless using sqlalchemy.[0m
INFO:     Application startup complete.
[32m2025-09-03 16:03:45.168[0m | [31m[1mERROR   [0m | [36msrc.core.database[0m:[36mget_connection[0m:[36m120[0m - [31m[1mDatabase error: Query must be a string unless using sqlalchemy.[0m
[32m2025-09-03 16:03:45.169[0m | [31m[1mERROR   [0m | [36msrc.api.websocket_handler[0m:[36mbroadcast_loop[0m:[36m305[0m - [31m[1mError in broadcast loop: Query must be a string unless using sqlalchemy.[0m
[32m2025-09-03 16:03:50.170[0m | [31m[1mERROR   [0m | [36msrc.core.database[0m:[36mget_connection[0m:[36m120[0m - [31m[1mDatabase error: Query must be a string unless using sqlalchemy.[0m
[32m2025-09-03 16:03:50.171[0m | [31m[1mERROR   [0m | [36msrc.api.websocket_handler[0m:[36mbroadcast_loop[0m:[36m305[0m - [31m[1mError in broadcast loop: Query must be a string unless using sqlalchemy.[0m
[32m2025-09-03 16:03:55.163[0m | [31m[1mERROR   [0m | [36msrc.core.database[0m:[36mget_connection[0m:[36m120[0m - [31m[1mDatabase error: Query must be a string unless using sqlalchemy.[0m
[32m2025-09-03 16:03:55.164[0m | [31m[1mERROR   [0m | [36msrc.api.websocket_handler[0m:[36mbroadcast_loop[0m:[36m305[0m - [31m[1mError in broadcast loop: Query must be a string unless using sqlalchemy.[0m
[32m2025-09-03 16:04:00.168[0m | [31m[1mERROR   [0m | [36msrc.core.database[0m:[36mget_connection[0m:[36m120[0m - [31m[1mDatabase error: Query must be a string unless using sqlalchemy.[0m
[32m2025-09-03 16:04:00.169[0m | [31m[1mERROR   [0m | [36msrc.api.websocket_handler[0m:[36mbroadcast_loop[0m:[36m305[0m - [31m[1mError in broadcast loop: Query must be a string unless using sqlalchemy.[0m
[32m2025-09-03 16:04:05.168[0m | [31m[1mERROR   [0m | [36msrc.core.database[0m:[36mget_connection[0m:[36m120[0m - [31m[1mDatabase error: Query must be a string unless using sqlalchemy.[0m
[32m2025-09-03 16:04:05.168[0m | [31m[1mERROR   [0m | [36msrc.api.websocket_handler[0m:[36mbroadcast_loop[0m:[36m305[0m - [31m[1mError in broadcast loop: Query must be a string unless using sqlalchemy.[0m
[32m2025-09-03 16:04:10.160[0m | [31m[1mERROR   [0m | [36msrc.core.database[0m:[36mget_connection[0m:[36m120[0m - [31m[1mDatabase error: Query must be a string unless using sqlalchemy.[0m
[32m2025-09-03 16:04:10.161[0m | [31m[1mERROR   [0m | [36msrc.api.websocket_handler[0m:[36mbroadcast_loop[0m:[36m305[0m - [31m[1mError in broadcast loop: Query must be a string unless using sqlalchemy.[0m
[32m2025-09-03 16:04:15.176[0m | [31m[1mERROR   [0m | [36msrc.core.database[0m:[36mget_connection[0m:[36m120[0m - [31m[1mDatabase error: Query must be a string unless using sqlalchemy.[0m
[32m2025-09-03 16:04:15.177[0m | [31m[1mERROR   [0m | [36msrc.api.websocket_handler[0m:[36mbroadcast_loop[0m:[36m305[0m - [31m[1mError in broadcast loop: Query must be a string unless using sqlalchemy.[0m
[32m2025-09-03 16:04:20.195[0m | [31m[1mERROR   [0m | [36msrc.core.database[0m:[36mget_connection[0m:[36m120[0m - [31m[1mDatabase error: Query must be a string unless using sqlalchemy.[0m
[32m2025-09-03 16:04:20.195[0m | [31m[1mERROR   [0m | [36msrc.api.websocket_handler[0m:[36mbroadcast_loop[0m:[36m305[0m - [31m[1mError in broadcast loop: Query must be a string unless using sqlalchemy.[0m
[32m2025-09-03 16:04:25.203[0m | [31m[1mERROR   [0m | [36msrc.core.database[0m:[36mget_connection[0m:[36m120[0m - [31m[1mDatabase error: Query must be a string unless using sqlalchemy.[0m
[32m2025-09-03 16:04:25.204[0m | [31m[1mERROR   [0m | [36msrc.api.websocket_handler[0m:[36mbroadcast_loop[0m:[36m305[0m - [31m[1mError in broadcast loop: Query must be a string unless using sqlalchemy.[0m
[32m2025-09-03 16:04:30.231[0m | [31m[1mERROR   [0m | [36msrc.core.database[0m:[36mget_connection[0m:[36m120[0m - [31m[1mDatabase error: Query must be a string unless using sqlalchemy.[0m
[32m2025-09-03 16:04:30.232[0m | [31m[1mERROR   [0m | [36msrc.api.websocket_handler[0m:[36mbroadcast_loop[0m:[36m305[0m - [31m[1mError in broadcast loop: Query must be a string unless using sqlalchemy.[0m
[32m2025-09-03 16:04:35.245[0m | [31m[1mERROR   [0m | [36msrc.core.database[0m:[36mget_connection[0m:[36m120[0m - [31m[1mDatabase error: Query must be a string unless using sqlalchemy.[0m
[32m2025-09-03 16:04:35.246[0m | [31m[1mERROR   [0m | [36msrc.api.websocket_handler[0m:[36mbroadcast_loop[0m:[36m305[0m - [31m[1mError in broadcast loop: Query must be a string unless using sqlalchemy.[0m
[32m2025-09-03 16:04:40.251[0m | [31m[1mERROR   [0m | [36msrc.core.database[0m:[36mget_connection[0m:[36m120[0m - [31m[1mDatabase error: Query must be a string unless using sqlalchemy.[0m
[32m2025-09-03 16:04:40.252[0m | [31m[1mERROR   [0m | [36msrc.api.websocket_handler[0m:[36mbroadcast_loop[0m:[36m305[0m - [31m[1mError in broadcast loop: Query must be a string unless using sqlalchemy.[0m
[32m2025-09-03 16:04:45.266[0m | [31m[1mERROR   [0m | [36msrc.core.database[0m:[36mget_connection[0m:[36m120[0m - [31m[1mDatabase error: Query must be a string unless using sqlalchemy.[0m
[32m2025-09-03 16:04:45.266[0m | [31m[1mERROR   [0m | [36msrc.api.websocket_handler[0m:[36mbroadcast_loop[0m:[36m305[0m - [31m[1mError in broadcast loop: Query must be a string unless using sqlalchemy.[0m
[32m2025-09-03 16:04:50.260[0m | [31m[1mERROR   [0m | [36msrc.core.database[0m:[36mget_connection[0m:[36m120[0m - [31m[1mDatabase error: Query must be a string unless using sqlalchemy.[0m
[32m2025-09-03 16:04:50.261[0m | [31m[1mERROR   [0m | [36msrc.api.websocket_handler[0m:[36mbroadcast_loop[0m:[36m305[0m - [31m[1mError in broadcast loop: Query must be a string unless using sqlalchemy.[0m
[32m2025-09-03 16:04:55.263[0m | [31m[1mERROR   [0m | [36msrc.core.database[0m:[36mget_connection[0m:[36m120[0m - [31m[1mDatabase error: Query must be a string unless using sqlalchemy.[0m
[32m2025-09-03 16:04:55.264[0m | [31m[1mERROR   [0m | [36msrc.api.websocket_handler[0m:[36mbroadcast_loop[0m:[36m305[0m - [31m[1mError in broadcast loop: Query must be a string unless using sqlalchemy.[0m
[32m2025-09-03 16:05:00.277[0m | [31m[1mERROR   [0m | [36msrc.core.database[0m:[36mget_connection[0m:[36m120[0m - [31m[1mDatabase error: Query must be a string unless using sqlalchemy.[0m
[32m2025-09-03 16:05:00.277[0m | [31m[1mERROR   [0m | [36msrc.api.websocket_handler[0m:[36mbroadcast_loop[0m:[36m305[0m - [31m[1mError in broadcast loop: Query must be a string unless using sqlalchemy.[0m
[32m2025-09-03 16:05:05.278[0m | [31m[1mERROR   [0m | [36msrc.core.database[0m:[36mget_connection[0m:[36m120[0m - [31m[1mDatabase error: Query must be a string unless using sqlalchemy.[0m
[32m2025-09-03 16:05:05.279[0m | [31m[1mERROR   [0m | [36msrc.api.websocket_handler[0m:[36mbroadcast_loop[0m:[36m305[0m - [31m[1mError in broadcast loop: Query must be a string unless using sqlalchemy.[0m
[32m2025-09-03 16:05:10.289[0m | [31m[1mERROR   [0m | [36msrc.core.database[0m:[36mget_connection[0m:[36m120[0m - [31m[1mDatabase error: Query must be a string unless using sqlalchemy.[0m
[32m2025-09-03 16:05:10.290[0m | [31m[1mERROR   [0m | [36msrc.api.websocket_handler[0m:[36mbroadcast_loop[0m:[36m305[0m - [31m[1mError in broadcast loop: Query must be a string unless using sqlalchemy.[0m
[32m2025-09-03 16:05:15.304[0m | [31m[1mERROR   [0m | [36msrc.core.database[0m:[36mget_connection[0m:[36m120[0m - [31m[1mDatabase error: Query must be a string unless using sqlalchemy.[0m
[32m2025-09-03 16:05:15.304[0m | [31m[1mERROR   [0m | [36msrc.api.websocket_handler[0m:[36mbroadcast_loop[0m:[36m305[0m - [31m[1mError in broadcast loop: Query must be a string unless using sqlalchemy.[0m
[32m2025-09-03 16:05:20.306[0m | [31m[1mERROR   [0m | [36msrc.core.database[0m:[36mget_connection[0m:[36m120[0m - [31m[1mDatabase error: Query must be a string unless using sqlalchemy.[0m
[32m2025-09-03 16:05:20.306[0m | [31m[1mERROR   [0m | [36msrc.api.websocket_handler[0m:[36mbroadcast_loop[0m:[36m305[0m - [31m[1mError in broadcast loop: Query must be a string unless using sqlalchemy.[0m
[32m2025-09-03 16:05:25.305[0m | [31m[1mERROR   [0m | [36msrc.core.database[0m:[36mget_connection[0m:[36m120[0m - [31m[1mDatabase error: Query must be a string unless using sqlalchemy.[0m
[32m2025-09-03 16:05:25.305[0m | [31m[1mERROR   [0m | [36msrc.api.websocket_handler[0m:[36mbroadcast_loop[0m:[36m305[0m - [31m[1mError in broadcast loop: Query must be a string unless using sqlalchemy.[0m
[32m2025-09-03 16:05:30.304[0m | [31m[1mERROR   [0m | [36msrc.core.database[0m:[36mget_connection[0m:[36m120[0m - [31m[1mDatabase error: Query must be a string unless using sqlalchemy.[0m
[32m2025-09-03 16:05:30.305[0m | [31m[1mERROR   [0m | [36msrc.api.websocket_handler[0m:[36mbroadcast_loop[0m:[36m305[0m - [31m[1mError in broadcast loop: Query must be a string unless using sqlalchemy.[0m
[32m2025-09-03 16:05:35.322[0m | [31m[1mERROR   [0m | [36msrc.core.database[0m:[36mget_connection[0m:[36m120[0m - [31m[1mDatabase error: Query must be a string unless using sqlalchemy.[0m
[32m2025-09-03 16:05:35.323[0m | [31m[1mERROR   [0m | [36msrc.api.websocket_handler[0m:[36mbroadcast_loop[0m:[36m305[0m - [31m[1mError in broadcast loop: Query must be a string unless using sqlalchemy.[0m
[32m2025-09-03 16:05:40.325[0m | [31m[1mERROR   [0m | [36msrc.core.database[0m:[36mget_connection[0m:[36m120[0m - [31m[1mDatabase error: Query must be a string unless using sqlalchemy.[0m
[32m2025-09-03 16:05:40.326[0m | [31m[1mERROR   [0m | [36msrc.api.websocket_handler[0m:[36mbroadcast_loop[0m:[36m305[0m - [31m[1mError in broadcast loop: Query must be a string unless using sqlalchemy.[0m
[32m2025-09-03 16:05:45.326[0m | [31m[1mERROR   [0m | [36msrc.core.database[0m:[36mget_connection[0m:[36m120[0m - [31m[1mDatabase error: Query must be a string unless using sqlalchemy.[0m
[32m2025-09-03 16:05:45.326[0m | [31m[1mERROR   [0m | [36msrc.api.websocket_handler[0m:[36mbroadcast_loop[0m:[36m305[0m - [31m[1mError in broadcast loop: Query must be a string unless using sqlalchemy.[0m
[32m2025-09-03 16:05:50.344[0m | [31m[1mERROR   [0m | [36msrc.core.database[0m:[36mget_connection[0m:[36m120[0m - [31m[1mDatabase error: Query must be a string unless using sqlalchemy.[0m
[32m2025-09-03 16:05:50.345[0m | [31m[1mERROR   [0m | [36msrc.api.websocket_handler[0m:[36mbroadcast_loop[0m:[36m305[0m - [31m[1mError in broadcast loop: Query must be a string unless using sqlalchemy.[0m
[32m2025-09-03 16:05:55.347[0m | [31m[1mERROR   [0m | [36msrc.core.database[0m:[36mget_connection[0m:[36m120[0m - [31m[1mDatabase error: Query must be a string unless using sqlalchemy.[0m
[32m2025-09-03 16:05:55.348[0m | [31m[1mERROR   [0m | [36msrc.api.websocket_handler[0m:[36mbroadcast_loop[0m:[36m305[0m - [31m[1mError in broadcast loop: Query must be a string unless using sqlalchemy.[0m
[32m2025-09-03 16:06:00.369[0m | [31m[1mERROR   [0m | [36msrc.core.database[0m:[36mget_connection[0m:[36m120[0m - [31m[1mDatabase error: Query must be a string unless using sqlalchemy.[0m
[32m2025-09-03 16:06:00.369[0m | [31m[1mERROR   [0m | [36msrc.api.websocket_handler[0m:[36mbroadcast_loop[0m:[36m305[0m - [31m[1mError in broadcast loop: Query must be a string unless using sqlalchemy.[0m
[32m2025-09-03 16:06:05.374[0m | [31m[1mERROR   [0m | [36msrc.core.database[0m:[36mget_connection[0m:[36m120[0m - [31m[1mDatabase error: Query must be a string unless using sqlalchemy.[0m
[32m2025-09-03 16:06:05.376[0m | [31m[1mERROR   [0m | [36msrc.api.websocket_handler[0m:[36mbroadcast_loop[0m:[36m305[0m - [31m[1mError in broadcast loop: Query must be a string unless using sqlalchemy.[0m
[32m2025-09-03 16:06:10.401[0m | [31m[1mERROR   [0m | [36msrc.core.database[0m:[36mget_connection[0m:[36m120[0m - [31m[1mDatabase error: Query must be a string unless using sqlalchemy.[0m
[32m2025-09-03 16:06:10.402[0m | [31m[1mERROR   [0m | [36msrc.api.websocket_handler[0m:[36mbroadcast_loop[0m:[36m305[0m - [31m[1mError in broadcast loop: Query must be a string unless using sqlalchemy.[0m
[32m2025-09-03 16:06:15.421[0m | [31m[1mERROR   [0m | [36msrc.core.database[0m:[36mget_connection[0m:[36m120[0m - [31m[1mDatabase error: Query must be a string unless using sqlalchemy.[0m
[32m2025-09-03 16:06:15.422[0m | [31m[1mERROR   [0m | [36msrc.api.websocket_handler[0m:[36mbroadcast_loop[0m:[36m305[0m - [31m[1mError in broadcast loop: Query must be a string unless using sqlalchemy.[0m
[32m2025-09-03 16:06:20.418[0m | [31m[1mERROR   [0m | [36msrc.core.database[0m:[36mget_connection[0m:[36m120[0m - [31m[1mDatabase error: Query must be a string unless using sqlalchemy.[0m
[32m2025-09-03 16:06:20.418[0m | [31m[1mERROR   [0m | [36msrc.api.websocket_handler[0m:[36mbroadcast_loop[0m:[36m305[0m - [31m[1mError in broadcast loop: Query must be a string unless using sqlalchemy.[0m
[32m2025-09-03 16:06:25.428[0m | [31m[1mERROR   [0m | [36msrc.core.database[0m:[36mget_connection[0m:[36m120[0m - [31m[1mDatabase error: Query must be a string unless using sqlalchemy.[0m
[32m2025-09-03 16:06:25.429[0m | [31m[1mERROR   [0m | [36msrc.api.websocket_handler[0m:[36mbroadcast_loop[0m:[36m305[0m - [31m[1mError in broadcast loop: Query must be a string unless using sqlalchemy.[0m
[32m2025-09-03 16:06:30.436[0m | [31m[1mERROR   [0m | [36msrc.core.database[0m:[36mget_connection[0m:[36m120[0m - [31m[1mDatabase error: Query must be a string unless using sqlalchemy.[0m
[32m2025-09-03 16:06:30.436[0m | [31m[1mERROR   [0m | [36msrc.api.websocket_handler[0m:[36mbroadcast_loop[0m:[36m305[0m - [31m[1mError in broadcast loop: Query must be a string unless using sqlalchemy.[0m
[32m2025-09-03 16:06:35.439[0m | [31m[1mERROR   [0m | [36msrc.core.database[0m:[36mget_connection[0m:[36m120[0m - [31m[1mDatabase error: Query must be a string unless using sqlalchemy.[0m
[32m2025-09-03 16:06:35.440[0m | [31m[1mERROR   [0m | [36msrc.api.websocket_handler[0m:[36mbroadcast_loop[0m:[36m305[0m - [31m[1mError in broadcast loop: Query must be a string unless using sqlalchemy.[0m
[32m2025-09-03 16:06:40.457[0m | [31m[1mERROR   [0m | [36msrc.core.database[0m:[36mget_connection[0m:[36m120[0m - [31m[1mDatabase error: Query must be a string unless using sqlalchemy.[0m
[32m2025-09-03 16:06:40.458[0m | [31m[1mERROR   [0m | [36msrc.api.websocket_handler[0m:[36mbroadcast_loop[0m:[36m305[0m - [31m[1mError in broadcast loop: Query must be a string unless using sqlalchemy.[0m
[32m2025-09-03 16:06:45.458[0m | [31m[1mERROR   [0m | [36msrc.core.database[0m:[36mget_connection[0m:[36m120[0m - [31m[1mDatabase error: Query must be a string unless using sqlalchemy.[0m
[32m2025-09-03 16:06:45.459[0m | [31m[1mERROR   [0m | [36msrc.api.websocket_handler[0m:[36mbroadcast_loop[0m:[36m305[0m - [31m[1mError in broadcast loop: Query must be a string unless using sqlalchemy.[0m
[32m2025-09-03 16:06:50.458[0m | [31m[1mERROR   [0m | [36msrc.core.database[0m:[36mget_connection[0m:[36m120[0m - [31m[1mDatabase error: Query must be a string unless using sqlalchemy.[0m
[32m2025-09-03 16:06:50.459[0m | [31m[1mERROR   [0m | [36msrc.api.websocket_handler[0m:[36mbroadcast_loop[0m:[36m305[0m - [31m[1mError in broadcast loop: Query must be a string unless using sqlalchemy.[0m
[32m2025-09-03 16:06:55.456[0m | [31m[1mERROR   [0m | [36msrc.core.database[0m:[36mget_connection[0m:[36m120[0m - [31m[1mDatabase error: Query must be a string unless using sqlalchemy.[0m
[32m2025-09-03 16:06:55.458[0m | [31m[1mERROR   [0m | [36msrc.api.websocket_handler[0m:[36mbroadcast_loop[0m:[36m305[0m - [31m[1mError in broadcast loop: Query must be a string unless using sqlalchemy.[0m
[32m2025-09-03 16:07:00.478[0m | [31m[1mERROR   [0m | [36msrc.core.database[0m:[36mget_connection[0m:[36m120[0m - [31m[1mDatabase error: Query must be a string unless using sqlalchemy.[0m
[32m2025-09-03 16:07:00.479[0m | [31m[1mERROR   [0m | [36msrc.api.websocket_handler[0m:[36mbroadcast_loop[0m:[36m305[0m - [31m[1mError in broadcast loop: Query must be a string unless using sqlalchemy.[0m
[32m2025-09-03 16:07:05.495[0m | [31m[1mERROR   [0m | [36msrc.core.database[0m:[36mget_connection[0m:[36m120[0m - [31m[1mDatabase error: Query must be a string unless using sqlalchemy.[0m
[32m2025-09-03 16:07:05.495[0m | [31m[1mERROR   [0m | [36msrc.api.websocket_handler[0m:[36mbroadcast_loop[0m:[36m305[0m - [31m[1mError in broadcast loop: Query must be a string unless using sqlalchemy.[0m
[32m2025-09-03 16:07:10.497[0m | [31m[1mERROR   [0m | [36msrc.core.database[0m:[36mget_connection[0m:[36m120[0m - [31m[1mDatabase error: Query must be a string unless using sqlalchemy.[0m
[32m2025-09-03 16:07:10.498[0m | [31m[1mERROR   [0m | [36msrc.api.websocket_handler[0m:[36mbroadcast_loop[0m:[36m305[0m - [31m[1mError in broadcast loop: Query must be a string unless using sqlalchemy.[0m
[32m2025-09-03 16:07:15.501[0m | [31m[1mERROR   [0m | [36msrc.core.database[0m:[36mget_connection[0m:[36m120[0m - [31m[1mDatabase error: Query must be a string unless using sqlalchemy.[0m
[32m2025-09-03 16:07:15.501[0m | [31m[1mERROR   [0m | [36msrc.api.websocket_handler[0m:[36mbroadcast_loop[0m:[36m305[0m - [31m[1mError in broadcast loop: Query must be a string unless using sqlalchemy.[0m
[32m2025-09-03 16:07:20.527[0m | [31m[1mERROR   [0m | [36msrc.core.database[0m:[36mget_connection[0m:[36m120[0m - [31m[1mDatabase error: Query must be a string unless using sqlalchemy.[0m
[32m2025-09-03 16:07:20.528[0m | [31m[1mERROR   [0m | [36msrc.api.websocket_handler[0m:[36mbroadcast_loop[0m:[36m305[0m - [31m[1mError in broadcast loop: Query must be a string unless using sqlalchemy.[0m
[32m2025-09-03 16:07:25.536[0m | [31m[1mERROR   [0m | [36msrc.core.database[0m:[36mget_connection[0m:[36m120[0m - [31m[1mDatabase error: Query must be a string unless using sqlalchemy.[0m
[32m2025-09-03 16:07:25.537[0m | [31m[1mERROR   [0m | [36msrc.api.websocket_handler[0m:[36mbroadcast_loop[0m:[36m305[0m - [31m[1mError in broadcast loop: Query must be a string unless using sqlalchemy.[0m
[32m2025-09-03 16:07:30.547[0m | [31m[1mERROR   [0m | [36msrc.core.database[0m:[36mget_connection[0m:[36m120[0m - [31m[1mDatabase error: Query must be a string unless using sqlalchemy.[0m
[32m2025-09-03 16:07:30.547[0m | [31m[1mERROR   [0m | [36msrc.api.websocket_handler[0m:[36mbroadcast_loop[0m:[36m305[0m - [31m[1mError in broadcast loop: Query must be a string unless using sqlalchemy.[0m
[32m2025-09-03 16:07:35.543[0m | [31m[1mERROR   [0m | [36msrc.core.database[0m:[36mget_connection[0m:[36m120[0m - [31m[1mDatabase error: Query must be a string unless using sqlalchemy.[0m
[32m2025-09-03 16:07:35.545[0m | [31m[1mERROR   [0m | [36msrc.api.websocket_handler[0m:[36mbroadcast_loop[0m:[36m305[0m - [31m[1mError in broadcast loop: Query must be a string unless using sqlalchemy.[0m
[32m2025-09-03 16:07:40.532[0m | [31m[1mERROR   [0m | [36msrc.core.database[0m:[36mget_connection[0m:[36m120[0m - [31m[1mDatabase error: Query must be a string unless using sqlalchemy.[0m
[32m2025-09-03 16:07:40.533[0m | [31m[1mERROR   [0m | [36msrc.api.websocket_handler[0m:[36mbroadcast_loop[0m:[36m305[0m - [31m[1mError in broadcast loop: Query must be a string unless using sqlalchemy.[0m
[32m2025-09-03 16:07:45.529[0m | [31m[1mERROR   [0m | [36msrc.core.database[0m:[36mget_connection[0m:[36m120[0m - [31m[1mDatabase error: Query must be a string unless using sqlalchemy.[0m
[32m2025-09-03 16:07:45.529[0m | [31m[1mERROR   [0m | [36msrc.api.websocket_handler[0m:[36mbroadcast_loop[0m:[36m305[0m - [31m[1mError in broadcast loop: Query must be a string unless using sqlalchemy.[0m
[32m2025-09-03 16:07:50.545[0m | [31m[1mERROR   [0m | [36msrc.core.database[0m:[36mget_connection[0m:[36m120[0m - [31m[1mDatabase error: Query must be a string unless using sqlalchemy.[0m
[32m2025-09-03 16:07:50.545[0m | [31m[1mERROR   [0m | [36msrc.api.websocket_handler[0m:[36mbroadcast_loop[0m:[36m305[0m - [31m[1mError in broadcast loop: Query must be a string unless using sqlalchemy.[0m
[32m2025-09-03 16:07:55.541[0m | [31m[1mERROR   [0m | [36msrc.core.database[0m:[36mget_connection[0m:[36m120[0m - [31m[1mDatabase error: Query must be a string unless using sqlalchemy.[0m
[32m2025-09-03 16:07:55.542[0m | [31m[1mERROR   [0m | [36msrc.api.websocket_handler[0m:[36mbroadcast_loop[0m:[36m305[0m - [31m[1mError in broadcast loop: Query must be a string unless using sqlalchemy.[0m
[32m2025-09-03 16:08:00.548[0m | [31m[1mERROR   [0m | [36msrc.core.database[0m:[36mget_connection[0m:[36m120[0m - [31m[1mDatabase error: Query must be a string unless using sqlalchemy.[0m
[32m2025-09-03 16:08:00.549[0m | [31m[1mERROR   [0m | [36msrc.api.websocket_handler[0m:[36mbroadcast_loop[0m:[36m305[0m - [31m[1mError in broadcast loop: Query must be a string unless using sqlalchemy.[0m
[32m2025-09-03 16:08:05.578[0m | [31m[1mERROR   [0m | [36msrc.core.database[0m:[36mget_connection[0m:[36m120[0m - [31m[1mDatabase error: Query must be a string unless using sqlalchemy.[0m
[32m2025-09-03 16:08:05.579[0m | [31m[1mERROR   [0m | [36msrc.api.websocket_handler[0m:[36mbroadcast_loop[0m:[36m305[0m - [31m[1mError in broadcast loop: Query must be a string unless using sqlalchemy.[0m
[32m2025-09-03 16:08:10.596[0m | [31m[1mERROR   [0m | [36msrc.core.database[0m:[36mget_connection[0m:[36m120[0m - [31m[1mDatabase error: Query must be a string unless using sqlalchemy.[0m
[32m2025-09-03 16:08:10.597[0m | [31m[1mERROR   [0m | [36msrc.api.websocket_handler[0m:[36mbroadcast_loop[0m:[36m305[0m - [31m[1mError in broadcast loop: Query must be a string unless using sqlalchemy.[0m
[32m2025-09-03 16:08:15.616[0m | [31m[1mERROR   [0m | [36msrc.core.database[0m:[36mget_connection[0m:[36m120[0m - [31m[1mDatabase error: Query must be a string unless using sqlalchemy.[0m
[32m2025-09-03 16:08:15.617[0m | [31m[1mERROR   [0m | [36msrc.api.websocket_handler[0m:[36mbroadcast_loop[0m:[36m305[0m - [31m[1mError in broadcast loop: Query must be a string unless using sqlalchemy.[0m
[32m2025-09-03 16:08:20.631[0m | [31m[1mERROR   [0m | [36msrc.core.database[0m:[36mget_connection[0m:[36m120[0m - [31m[1mDatabase error: Query must be a string unless using sqlalchemy.[0m
[32m2025-09-03 16:08:20.631[0m | [31m[1mERROR   [0m | [36msrc.api.websocket_handler[0m:[36mbroadcast_loop[0m:[36m305[0m - [31m[1mError in broadcast loop: Query must be a string unless using sqlalchemy.[0m
[32m2025-09-03 16:08:25.636[0m | [31m[1mERROR   [0m | [36msrc.core.database[0m:[36mget_connection[0m:[36m120[0m - [31m[1mDatabase error: Query must be a string unless using sqlalchemy.[0m
[32m2025-09-03 16:08:25.637[0m | [31m[1mERROR   [0m | [36msrc.api.websocket_handler[0m:[36mbroadcast_loop[0m:[36m305[0m - [31m[1mError in broadcast loop: Query must be a string unless using sqlalchemy.[0m
[32m2025-09-03 16:08:30.638[0m | [31m[1mERROR   [0m | [36msrc.core.database[0m:[36mget_connection[0m:[36m120[0m - [31m[1mDatabase error: Query must be a string unless using sqlalchemy.[0m
[32m2025-09-03 16:08:30.639[0m | [31m[1mERROR   [0m | [36msrc.api.websocket_handler[0m:[36mbroadcast_loop[0m:[36m305[0m - [31m[1mError in broadcast loop: Query must be a string unless using sqlalchemy.[0m
[32m2025-09-03 16:08:35.649[0m | [31m[1mERROR   [0m | [36msrc.core.database[0m:[36mget_connection[0m:[36m120[0m - [31m[1mDatabase error: Query must be a string unless using sqlalchemy.[0m
[32m2025-09-03 16:08:35.650[0m | [31m[1mERROR   [0m | [36msrc.api.websocket_handler[0m:[36mbroadcast_loop[0m:[36m305[0m - [31m[1mError in broadcast loop: Query must be a string unless using sqlalchemy.[0m
[32m2025-09-03 16:08:40.669[0m | [31m[1mERROR   [0m | [36msrc.core.database[0m:[36mget_connection[0m:[36m120[0m - [31m[1mDatabase error: Query must be a string unless using sqlalchemy.[0m
[32m2025-09-03 16:08:40.670[0m | [31m[1mERROR   [0m | [36msrc.api.websocket_handler[0m:[36mbroadcast_loop[0m:[36m305[0m - [31m[1mError in broadcast loop: Query must be a string unless using sqlalchemy.[0m
[32m2025-09-03 16:08:45.686[0m | [31m[1mERROR   [0m | [36msrc.core.database[0m:[36mget_connection[0m:[36m120[0m - [31m[1mDatabase error: Query must be a string unless using sqlalchemy.[0m
[32m2025-09-03 16:08:45.687[0m | [31m[1mERROR   [0m | [36msrc.api.websocket_handler[0m:[36mbroadcast_loop[0m:[36m305[0m - [31m[1mError in broadcast loop: Query must be a string unless using sqlalchemy.[0m
[32m2025-09-03 16:08:50.687[0m | [31m[1mERROR   [0m | [36msrc.core.database[0m:[36mget_connection[0m:[36m120[0m - [31m[1mDatabase error: Query must be a string unless using sqlalchemy.[0m
[32m2025-09-03 16:08:50.688[0m | [31m[1mERROR   [0m | [36msrc.api.websocket_handler[0m:[36mbroadcast_loop[0m:[36m305[0m - [31m[1mError in broadcast loop: Query must be a string unless using sqlalchemy.[0m
WARNING:  StatReload detected changes in 'src\core\database.py'. Reloading...
[32m2025-09-03 16:08:55.703[0m | [31m[1mERROR   [0m | [36msrc.core.database[0m:[36mget_connection[0m:[36m120[0m - [31m[1mDatabase error: Query must be a string unless using sqlalchemy.[0m
[32m2025-09-03 16:08:55.703[0m | [31m[1mERROR   [0m | [36msrc.api.websocket_handler[0m:[36mbroadcast_loop[0m:[36m305[0m - [31m[1mError in broadcast loop: Query must be a string unless using sqlalchemy.[0m
[32m2025-09-03 16:09:00.728[0m | [31m[1mERROR   [0m | [36msrc.core.database[0m:[36mget_connection[0m:[36m120[0m - [31m[1mDatabase error: Query must be a string unless using sqlalchemy.[0m
[32m2025-09-03 16:09:00.729[0m | [31m[1mERROR   [0m | [36msrc.api.websocket_handler[0m:[36mbroadcast_loop[0m:[36m305[0m - [31m[1mError in broadcast loop: Query must be a string unless using sqlalchemy.[0m
[32m2025-09-03 16:09:05.738[0m | [31m[1mERROR   [0m | [36msrc.core.database[0m:[36mget_connection[0m:[36m120[0m - [31m[1mDatabase error: Query must be a string unless using sqlalchemy.[0m
[32m2025-09-03 16:09:05.739[0m | [31m[1mERROR   [0m | [36msrc.api.websocket_handler[0m:[36mbroadcast_loop[0m:[36m305[0m - [31m[1mError in broadcast loop: Query must be a string unless using sqlalchemy.[0m
[32m2025-09-03 16:09:10.764[0m | [31m[1mERROR   [0m | [36msrc.core.database[0m:[36mget_connection[0m:[36m120[0m - [31m[1mDatabase error: Query must be a string unless using sqlalchemy.[0m
[32m2025-09-03 16:09:10.764[0m | [31m[1mERROR   [0m | [36msrc.api.websocket_handler[0m:[36mbroadcast_loop[0m:[36m305[0m - [31m[1mError in broadcast loop: Query must be a string unless using sqlalchemy.[0m
[32m2025-09-03 16:09:15.785[0m | [31m[1mERROR   [0m | [36msrc.core.database[0m:[36mget_connection[0m:[36m120[0m - [31m[1mDatabase error: Query must be a string unless using sqlalchemy.[0m
[32m2025-09-03 16:09:15.786[0m | [31m[1mERROR   [0m | [36msrc.api.websocket_handler[0m:[36mbroadcast_loop[0m:[36m305[0m - [31m[1mError in broadcast loop: Query must be a string unless using sqlalchemy.[0m
[32m2025-09-03 16:09:20.812[0m | [31m[1mERROR   [0m | [36msrc.core.database[0m:[36mget_connection[0m:[36m120[0m - [31m[1mDatabase error: Query must be a string unless using sqlalchemy.[0m
[32m2025-09-03 16:09:20.813[0m | [31m[1mERROR   [0m | [36msrc.api.websocket_handler[0m:[36mbroadcast_loop[0m:[36m305[0m - [31m[1mError in broadcast loop: Query must be a string unless using sqlalchemy.[0m
[32m2025-09-03 16:09:25.823[0m | [31m[1mERROR   [0m | [36msrc.core.database[0m:[36mget_connection[0m:[36m120[0m - [31m[1mDatabase error: Query must be a string unless using sqlalchemy.[0m
[32m2025-09-03 16:09:25.824[0m | [31m[1mERROR   [0m | [36msrc.api.websocket_handler[0m:[36mbroadcast_loop[0m:[36m305[0m - [31m[1mError in broadcast loop: Query must be a string unless using sqlalchemy.[0m
[32m2025-09-03 16:09:30.829[0m | [31m[1mERROR   [0m | [36msrc.core.database[0m:[36mget_connection[0m:[36m120[0m - [31m[1mDatabase error: Query must be a string unless using sqlalchemy.[0m
[32m2025-09-03 16:09:30.830[0m | [31m[1mERROR   [0m | [36msrc.api.websocket_handler[0m:[36mbroadcast_loop[0m:[36m305[0m - [31m[1mError in broadcast loop: Query must be a string unless using sqlalchemy.[0m
INFO:     Shutting down
INFO:     Waiting for application shutdown.
[32m2025-09-03 16:09:33.977[0m | [1mINFO    [0m | [36msrc.api.fastapi_app[0m:[36mlifespan[0m:[36m87[0m - [1mShutting down AGV RTLS API...[0m
INFO:     Application shutdown complete.
INFO:     Finished server process [24064]
INFO:     Will watch for changes in these directories: ['C:\\Users\\20030497\\Desktop\\AGV RTLS\\AGV_RTLS_V3']
INFO:     Uvicorn running on http://0.0.0.0:8000 (Press CTRL+C to quit)
INFO:     Started reloader process [13752] using StatReload
[32m2025-09-03 16:09:44.905[0m | [1mINFO    [0m | [36msrc.core.database[0m:[36m_init_checks[0m:[36m95[0m - [1mConnected to MySQL 8.0.43[0m
INFO:     Started server process [12292]
INFO:     Waiting for application startup.
[32m2025-09-03 16:09:52.430[0m | [1mINFO    [0m | [36msrc.api.fastapi_app[0m:[36mlifespan[0m:[36m73[0m - [1mStarting AGV RTLS API...[0m
[32m2025-09-03 16:09:52.430[0m | [1mINFO    [0m | [36msrc.api.websocket_handler[0m:[36mbroadcast_loop[0m:[36m268[0m - [1mStarting WebSocket broadcast loop[0m
[32m2025-09-03 16:09:52.431[0m | [31m[1mERROR   [0m | [36msrc.core.database[0m:[36mget_connection[0m:[36m120[0m - [31m[1mDatabase error: 'DatabaseManager' object has no attribute '_engine'[0m
[32m2025-09-03 16:09:52.431[0m | [31m[1mERROR   [0m | [36msrc.api.websocket_handler[0m:[36mbroadcast_loop[0m:[36m305[0m - [31m[1mError in broadcast loop: 'DatabaseManager' object has no attribute '_engine'[0m
INFO:     Application startup complete.
[32m2025-09-03 16:09:57.431[0m | [31m[1mERROR   [0m | [36msrc.core.database[0m:[36mget_connection[0m:[36m120[0m - [31m[1mDatabase error: 'DatabaseManager' object has no attribute '_engine'[0m
[32m2025-09-03 16:09:57.432[0m | [31m[1mERROR   [0m | [36msrc.api.websocket_handler[0m:[36mbroadcast_loop[0m:[36m305[0m - [31m[1mError in broadcast loop: 'DatabaseManager' object has no attribute '_engine'[0m
[32m2025-09-03 16:10:02.448[0m | [31m[1mERROR   [0m | [36msrc.core.database[0m:[36mget_connection[0m:[36m120[0m - [31m[1mDatabase error: 'DatabaseManager' object has no attribute '_engine'[0m
[32m2025-09-03 16:10:02.449[0m | [31m[1mERROR   [0m | [36msrc.api.websocket_handler[0m:[36mbroadcast_loop[0m:[36m305[0m - [31m[1mError in broadcast loop: 'DatabaseManager' object has no attribute '_engine'[0m
[32m2025-09-03 16:10:07.464[0m | [31m[1mERROR   [0m | [36msrc.core.database[0m:[36mget_connection[0m:[36m120[0m - [31m[1mDatabase error: 'DatabaseManager' object has no attribute '_engine'[0m
[32m2025-09-03 16:10:07.465[0m | [31m[1mERROR   [0m | [36msrc.api.websocket_handler[0m:[36mbroadcast_loop[0m:[36m305[0m - [31m[1mError in broadcast loop: 'DatabaseManager' object has no attribute '_engine'[0m
[32m2025-09-03 16:10:12.474[0m | [31m[1mERROR   [0m | [36msrc.core.database[0m:[36mget_connection[0m:[36m120[0m - [31m[1mDatabase error: 'DatabaseManager' object has no attribute '_engine'[0m
[32m2025-09-03 16:10:12.475[0m | [31m[1mERROR   [0m | [36msrc.api.websocket_handler[0m:[36mbroadcast_loop[0m:[36m305[0m - [31m[1mError in broadcast loop: 'DatabaseManager' object has no attribute '_engine'[0m
[32m2025-09-03 16:10:17.489[0m | [31m[1mERROR   [0m | [36msrc.core.database[0m:[36mget_connection[0m:[36m120[0m - [31m[1mDatabase error: 'DatabaseManager' object has no attribute '_engine'[0m
[32m2025-09-03 16:10:17.490[0m | [31m[1mERROR   [0m | [36msrc.api.websocket_handler[0m:[36mbroadcast_loop[0m:[36m305[0m - [31m[1mError in broadcast loop: 'DatabaseManager' object has no attribute '_engine'[0m
[32m2025-09-03 16:10:22.488[0m | [31m[1mERROR   [0m | [36msrc.core.database[0m:[36mget_connection[0m:[36m120[0m - [31m[1mDatabase error: 'DatabaseManager' object has no attribute '_engine'[0m
[32m2025-09-03 16:10:22.489[0m | [31m[1mERROR   [0m | [36msrc.api.websocket_handler[0m:[36mbroadcast_loop[0m:[36m305[0m - [31m[1mError in broadcast loop: 'DatabaseManager' object has no attribute '_engine'[0m
[32m2025-09-03 16:10:27.492[0m | [31m[1mERROR   [0m | [36msrc.core.database[0m:[36mget_connection[0m:[36m120[0m - [31m[1mDatabase error: 'DatabaseManager' object has no attribute '_engine'[0m
[32m2025-09-03 16:10:27.494[0m | [31m[1mERROR   [0m | [36msrc.api.websocket_handler[0m:[36mbroadcast_loop[0m:[36m305[0m - [31m[1mError in broadcast loop: 'DatabaseManager' object has no attribute '_engine'[0m
[32m2025-09-03 16:10:32.489[0m | [31m[1mERROR   [0m | [36msrc.core.database[0m:[36mget_connection[0m:[36m120[0m - [31m[1mDatabase error: 'DatabaseManager' object has no attribute '_engine'[0m
[32m2025-09-03 16:10:32.490[0m | [31m[1mERROR   [0m | [36msrc.api.websocket_handler[0m:[36mbroadcast_loop[0m:[36m305[0m - [31m[1mError in broadcast loop: 'DatabaseManager' object has no attribute '_engine'[0m
[32m2025-09-03 16:10:37.491[0m | [31m[1mERROR   [0m | [36msrc.core.database[0m:[36mget_connection[0m:[36m120[0m - [31m[1mDatabase error: 'DatabaseManager' object has no attribute '_engine'[0m
[32m2025-09-03 16:10:37.492[0m | [31m[1mERROR   [0m | [36msrc.api.websocket_handler[0m:[36mbroadcast_loop[0m:[36m305[0m - [31m[1mError in broadcast loop: 'DatabaseManager' object has no attribute '_engine'[0m
[32m2025-09-03 16:10:42.492[0m | [31m[1mERROR   [0m | [36msrc.core.database[0m:[36mget_connection[0m:[36m120[0m - [31m[1mDatabase error: 'DatabaseManager' object has no attribute '_engine'[0m
[32m2025-09-03 16:10:42.493[0m | [31m[1mERROR   [0m | [36msrc.api.websocket_handler[0m:[36mbroadcast_loop[0m:[36m305[0m - [31m[1mError in broadcast loop: 'DatabaseManager' object has no attribute '_engine'[0m
[32m2025-09-03 16:10:47.506[0m | [31m[1mERROR   [0m | [36msrc.core.database[0m:[36mget_connection[0m:[36m120[0m - [31m[1mDatabase error: 'DatabaseManager' object has no attribute '_engine'[0m
[32m2025-09-03 16:10:47.507[0m | [31m[1mERROR   [0m | [36msrc.api.websocket_handler[0m:[36mbroadcast_loop[0m:[36m305[0m - [31m[1mError in broadcast loop: 'DatabaseManager' object has no attribute '_engine'[0m
[32m2025-09-03 16:10:52.514[0m | [31m[1mERROR   [0m | [36msrc.core.database[0m:[36mget_connection[0m:[36m120[0m - [31m[1mDatabase error: 'DatabaseManager' object has no attribute '_engine'[0m
[32m2025-09-03 16:10:52.515[0m | [31m[1mERROR   [0m | [36msrc.api.websocket_handler[0m:[36mbroadcast_loop[0m:[36m305[0m - [31m[1mError in broadcast loop: 'DatabaseManager' object has no attribute '_engine'[0m
[32m2025-09-03 16:10:57.544[0m | [31m[1mERROR   [0m | [36msrc.core.database[0m:[36mget_connection[0m:[36m120[0m - [31m[1mDatabase error: 'DatabaseManager' object has no attribute '_engine'[0m
[32m2025-09-03 16:10:57.545[0m | [31m[1mERROR   [0m | [36msrc.api.websocket_handler[0m:[36mbroadcast_loop[0m:[36m305[0m - [31m[1mError in broadcast loop: 'DatabaseManager' object has no attribute '_engine'[0m
[32m2025-09-03 16:11:02.530[0m | [31m[1mERROR   [0m | [36msrc.core.database[0m:[36mget_connection[0m:[36m120[0m - [31m[1mDatabase error: 'DatabaseManager' object has no attribute '_engine'[0m
[32m2025-09-03 16:11:02.530[0m | [31m[1mERROR   [0m | [36msrc.api.websocket_handler[0m:[36mbroadcast_loop[0m:[36m305[0m - [31m[1mError in broadcast loop: 'DatabaseManager' object has no attribute '_engine'[0m
[32m2025-09-03 16:11:07.533[0m | [31m[1mERROR   [0m | [36msrc.core.database[0m:[36mget_connection[0m:[36m120[0m - [31m[1mDatabase error: 'DatabaseManager' object has no attribute '_engine'[0m
[32m2025-09-03 16:11:07.534[0m | [31m[1mERROR   [0m | [36msrc.api.websocket_handler[0m:[36mbroadcast_loop[0m:[36m305[0m - [31m[1mError in broadcast loop: 'DatabaseManager' object has no attribute '_engine'[0m
[32m2025-09-03 16:11:12.550[0m | [31m[1mERROR   [0m | [36msrc.core.database[0m:[36mget_connection[0m:[36m120[0m - [31m[1mDatabase error: 'DatabaseManager' object has no attribute '_engine'[0m
[32m2025-09-03 16:11:12.551[0m | [31m[1mERROR   [0m | [36msrc.api.websocket_handler[0m:[36mbroadcast_loop[0m:[36m305[0m - [31m[1mError in broadcast loop: 'DatabaseManager' object has no attribute '_engine'[0m
[32m2025-09-03 16:11:17.563[0m | [31m[1mERROR   [0m | [36msrc.core.database[0m:[36mget_connection[0m:[36m120[0m - [31m[1mDatabase error: 'DatabaseManager' object has no attribute '_engine'[0m
[32m2025-09-03 16:11:17.564[0m | [31m[1mERROR   [0m | [36msrc.api.websocket_handler[0m:[36mbroadcast_loop[0m:[36m305[0m - [31m[1mError in broadcast loop: 'DatabaseManager' object has no attribute '_engine'[0m
[32m2025-09-03 16:11:22.565[0m | [31m[1mERROR   [0m | [36msrc.core.database[0m:[36mget_connection[0m:[36m120[0m - [31m[1mDatabase error: 'DatabaseManager' object has no attribute '_engine'[0m
[32m2025-09-03 16:11:22.566[0m | [31m[1mERROR   [0m | [36msrc.api.websocket_handler[0m:[36mbroadcast_loop[0m:[36m305[0m - [31m[1mError in broadcast loop: 'DatabaseManager' object has no attribute '_engine'[0m
[32m2025-09-03 16:11:27.565[0m | [31m[1mERROR   [0m | [36msrc.core.database[0m:[36mget_connection[0m:[36m120[0m - [31m[1mDatabase error: 'DatabaseManager' object has no attribute '_engine'[0m
[32m2025-09-03 16:11:27.566[0m | [31m[1mERROR   [0m | [36msrc.api.websocket_handler[0m:[36mbroadcast_loop[0m:[36m305[0m - [31m[1mError in broadcast loop: 'DatabaseManager' object has no attribute '_engine'[0m
[32m2025-09-03 16:11:32.577[0m | [31m[1mERROR   [0m | [36msrc.core.database[0m:[36mget_connection[0m:[36m120[0m - [31m[1mDatabase error: 'DatabaseManager' object has no attribute '_engine'[0m
[32m2025-09-03 16:11:32.578[0m | [31m[1mERROR   [0m | [36msrc.api.websocket_handler[0m:[36mbroadcast_loop[0m:[36m305[0m - [31m[1mError in broadcast loop: 'DatabaseManager' object has no attribute '_engine'[0m
[32m2025-09-03 16:11:37.590[0m | [31m[1mERROR   [0m | [36msrc.core.database[0m:[36mget_connection[0m:[36m120[0m - [31m[1mDatabase error: 'DatabaseManager' object has no attribute '_engine'[0m
[32m2025-09-03 16:11:37.590[0m | [31m[1mERROR   [0m | [36msrc.api.websocket_handler[0m:[36mbroadcast_loop[0m:[36m305[0m - [31m[1mError in broadcast loop: 'DatabaseManager' object has no attribute '_engine'[0m
[32m2025-09-03 16:11:42.604[0m | [31m[1mERROR   [0m | [36msrc.core.database[0m:[36mget_connection[0m:[36m120[0m - [31m[1mDatabase error: 'DatabaseManager' object has no attribute '_engine'[0m
[32m2025-09-03 16:11:42.605[0m | [31m[1mERROR   [0m | [36msrc.api.websocket_handler[0m:[36mbroadcast_loop[0m:[36m305[0m - [31m[1mError in broadcast loop: 'DatabaseManager' object has no attribute '_engine'[0m
[32m2025-09-03 16:11:47.617[0m | [31m[1mERROR   [0m | [36msrc.core.database[0m:[36mget_connection[0m:[36m120[0m - [31m[1mDatabase error: 'DatabaseManager' object has no attribute '_engine'[0m
[32m2025-09-03 16:11:47.618[0m | [31m[1mERROR   [0m | [36msrc.api.websocket_handler[0m:[36mbroadcast_loop[0m:[36m305[0m - [31m[1mError in broadcast loop: 'DatabaseManager' object has no attribute '_engine'[0m
[32m2025-09-03 16:11:52.620[0m | [31m[1mERROR   [0m | [36msrc.core.database[0m:[36mget_connection[0m:[36m120[0m - [31m[1mDatabase error: 'DatabaseManager' object has no attribute '_engine'[0m
[32m2025-09-03 16:11:52.621[0m | [31m[1mERROR   [0m | [36msrc.api.websocket_handler[0m:[36mbroadcast_loop[0m:[36m305[0m - [31m[1mError in broadcast loop: 'DatabaseManager' object has no attribute '_engine'[0m
[32m2025-09-03 16:11:57.631[0m | [31m[1mERROR   [0m | [36msrc.core.database[0m:[36mget_connection[0m:[36m120[0m - [31m[1mDatabase error: 'DatabaseManager' object has no attribute '_engine'[0m
[32m2025-09-03 16:11:57.632[0m | [31m[1mERROR   [0m | [36msrc.api.websocket_handler[0m:[36mbroadcast_loop[0m:[36m305[0m - [31m[1mError in broadcast loop: 'DatabaseManager' object has no attribute '_engine'[0m
[32m2025-09-03 16:12:02.638[0m | [31m[1mERROR   [0m | [36msrc.core.database[0m:[36mget_connection[0m:[36m120[0m - [31m[1mDatabase error: 'DatabaseManager' object has no attribute '_engine'[0m
[32m2025-09-03 16:12:02.639[0m | [31m[1mERROR   [0m | [36msrc.api.websocket_handler[0m:[36mbroadcast_loop[0m:[36m305[0m - [31m[1mError in broadcast loop: 'DatabaseManager' object has no attribute '_engine'[0m
[32m2025-09-03 16:12:07.652[0m | [31m[1mERROR   [0m | [36msrc.core.database[0m:[36mget_connection[0m:[36m120[0m - [31m[1mDatabase error: 'DatabaseManager' object has no attribute '_engine'[0m
[32m2025-09-03 16:12:07.653[0m | [31m[1mERROR   [0m | [36msrc.api.websocket_handler[0m:[36mbroadcast_loop[0m:[36m305[0m - [31m[1mError in broadcast loop: 'DatabaseManager' object has no attribute '_engine'[0m
[32m2025-09-03 16:12:12.656[0m | [31m[1mERROR   [0m | [36msrc.core.database[0m:[36mget_connection[0m:[36m120[0m - [31m[1mDatabase error: 'DatabaseManager' object has no attribute '_engine'[0m
[32m2025-09-03 16:12:12.657[0m | [31m[1mERROR   [0m | [36msrc.api.websocket_handler[0m:[36mbroadcast_loop[0m:[36m305[0m - [31m[1mError in broadcast loop: 'DatabaseManager' object has no attribute '_engine'[0m
[32m2025-09-03 16:12:17.682[0m | [31m[1mERROR   [0m | [36msrc.core.database[0m:[36mget_connection[0m:[36m120[0m - [31m[1mDatabase error: 'DatabaseManager' object has no attribute '_engine'[0m
[32m2025-09-03 16:12:17.683[0m | [31m[1mERROR   [0m | [36msrc.api.websocket_handler[0m:[36mbroadcast_loop[0m:[36m305[0m - [31m[1mError in broadcast loop: 'DatabaseManager' object has no attribute '_engine'[0m
[32m2025-09-03 16:12:22.691[0m | [31m[1mERROR   [0m | [36msrc.core.database[0m:[36mget_connection[0m:[36m120[0m - [31m[1mDatabase error: 'DatabaseManager' object has no attribute '_engine'[0m
[32m2025-09-03 16:12:22.691[0m | [31m[1mERROR   [0m | [36msrc.api.websocket_handler[0m:[36mbroadcast_loop[0m:[36m305[0m - [31m[1mError in broadcast loop: 'DatabaseManager' object has no attribute '_engine'[0m
[32m2025-09-03 16:12:27.695[0m | [31m[1mERROR   [0m | [36msrc.core.database[0m:[36mget_connection[0m:[36m120[0m - [31m[1mDatabase error: 'DatabaseManager' object has no attribute '_engine'[0m
[32m2025-09-03 16:12:27.696[0m | [31m[1mERROR   [0m | [36msrc.api.websocket_handler[0m:[36mbroadcast_loop[0m:[36m305[0m - [31m[1mError in broadcast loop: 'DatabaseManager' object has no attribute '_engine'[0m
[32m2025-09-03 16:12:32.701[0m | [31m[1mERROR   [0m | [36msrc.core.database[0m:[36mget_connection[0m:[36m120[0m - [31m[1mDatabase error: 'DatabaseManager' object has no attribute '_engine'[0m
[32m2025-09-03 16:12:32.701[0m | [31m[1mERROR   [0m | [36msrc.api.websocket_handler[0m:[36mbroadcast_loop[0m:[36m305[0m - [31m[1mError in broadcast loop: 'DatabaseManager' object has no attribute '_engine'[0m
[32m2025-09-03 16:12:37.723[0m | [31m[1mERROR   [0m | [36msrc.core.database[0m:[36mget_connection[0m:[36m120[0m - [31m[1mDatabase error: 'DatabaseManager' object has no attribute '_engine'[0m
[32m2025-09-03 16:12:37.724[0m | [31m[1mERROR   [0m | [36msrc.api.websocket_handler[0m:[36mbroadcast_loop[0m:[36m305[0m - [31m[1mError in broadcast loop: 'DatabaseManager' object has no attribute '_engine'[0m
[32m2025-09-03 16:12:42.740[0m | [31m[1mERROR   [0m | [36msrc.core.database[0m:[36mget_connection[0m:[36m120[0m - [31m[1mDatabase error: 'DatabaseManager' object has no attribute '_engine'[0m
[32m2025-09-03 16:12:42.741[0m | [31m[1mERROR   [0m | [36msrc.api.websocket_handler[0m:[36mbroadcast_loop[0m:[36m305[0m - [31m[1mError in broadcast loop: 'DatabaseManager' object has no attribute '_engine'[0m
[32m2025-09-03 16:12:47.755[0m | [31m[1mERROR   [0m | [36msrc.core.database[0m:[36mget_connection[0m:[36m120[0m - [31m[1mDatabase error: 'DatabaseManager' object has no attribute '_engine'[0m
[32m2025-09-03 16:12:47.756[0m | [31m[1mERROR   [0m | [36msrc.api.websocket_handler[0m:[36mbroadcast_loop[0m:[36m305[0m - [31m[1mError in broadcast loop: 'DatabaseManager' object has no attribute '_engine'[0m
[32m2025-09-03 16:12:52.765[0m | [31m[1mERROR   [0m | [36msrc.core.database[0m:[36mget_connection[0m:[36m120[0m - [31m[1mDatabase error: 'DatabaseManager' object has no attribute '_engine'[0m
[32m2025-09-03 16:12:52.766[0m | [31m[1mERROR   [0m | [36msrc.api.websocket_handler[0m:[36mbroadcast_loop[0m:[36m305[0m - [31m[1mError in broadcast loop: 'DatabaseManager' object has no attribute '_engine'[0m
[32m2025-09-03 16:12:57.776[0m | [31m[1mERROR   [0m | [36msrc.core.database[0m:[36mget_connection[0m:[36m120[0m - [31m[1mDatabase error: 'DatabaseManager' object has no attribute '_engine'[0m
[32m2025-09-03 16:12:57.777[0m | [31m[1mERROR   [0m | [36msrc.api.websocket_handler[0m:[36mbroadcast_loop[0m:[36m305[0m - [31m[1mError in broadcast loop: 'DatabaseManager' object has no attribute '_engine'[0m
[32m2025-09-03 16:13:02.795[0m | [31m[1mERROR   [0m | [36msrc.core.database[0m:[36mget_connection[0m:[36m120[0m - [31m[1mDatabase error: 'DatabaseManager' object has no attribute '_engine'[0m
[32m2025-09-03 16:13:02.796[0m | [31m[1mERROR   [0m | [36msrc.api.websocket_handler[0m:[36mbroadcast_loop[0m:[36m305[0m - [31m[1mError in broadcast loop: 'DatabaseManager' object has no attribute '_engine'[0m
WARNING:  StatReload detected changes in 'src\core\database.py'. Reloading...
[32m2025-09-03 16:13:07.812[0m | [31m[1mERROR   [0m | [36msrc.core.database[0m:[36mget_connection[0m:[36m120[0m - [31m[1mDatabase error: 'DatabaseManager' object has no attribute '_engine'[0m
[32m2025-09-03 16:13:07.812[0m | [31m[1mERROR   [0m | [36msrc.api.websocket_handler[0m:[36mbroadcast_loop[0m:[36m305[0m - [31m[1mError in broadcast loop: 'DatabaseManager' object has no attribute '_engine'[0m
[32m2025-09-03 16:13:12.821[0m | [31m[1mERROR   [0m | [36msrc.core.database[0m:[36mget_connection[0m:[36m120[0m - [31m[1mDatabase error: 'DatabaseManager' object has no attribute '_engine'[0m
[32m2025-09-03 16:13:12.821[0m | [31m[1mERROR   [0m | [36msrc.api.websocket_handler[0m:[36mbroadcast_loop[0m:[36m305[0m - [31m[1mError in broadcast loop: 'DatabaseManager' object has no attribute '_engine'[0m
[32m2025-09-03 16:13:17.827[0m | [31m[1mERROR   [0m | [36msrc.core.database[0m:[36mget_connection[0m:[36m120[0m - [31m[1mDatabase error: 'DatabaseManager' object has no attribute '_engine'[0m
[32m2025-09-03 16:13:17.828[0m | [31m[1mERROR   [0m | [36msrc.api.websocket_handler[0m:[36mbroadcast_loop[0m:[36m305[0m - [31m[1mError in broadcast loop: 'DatabaseManager' object has no attribute '_engine'[0m
[32m2025-09-03 16:13:22.833[0m | [31m[1mERROR   [0m | [36msrc.core.database[0m:[36mget_connection[0m:[36m120[0m - [31m[1mDatabase error: 'DatabaseManager' object has no attribute '_engine'[0m
[32m2025-09-03 16:13:22.834[0m | [31m[1mERROR   [0m | [36msrc.api.websocket_handler[0m:[36mbroadcast_loop[0m:[36m305[0m - [31m[1mError in broadcast loop: 'DatabaseManager' object has no attribute '_engine'[0m
[32m2025-09-03 16:13:27.854[0m | [31m[1mERROR   [0m | [36msrc.core.database[0m:[36mget_connection[0m:[36m120[0m - [31m[1mDatabase error: 'DatabaseManager' object has no attribute '_engine'[0m
[32m2025-09-03 16:13:27.855[0m | [31m[1mERROR   [0m | [36msrc.api.websocket_handler[0m:[36mbroadcast_loop[0m:[36m305[0m - [31m[1mError in broadcast loop: 'DatabaseManager' object has no attribute '_engine'[0m
[32m2025-09-03 16:13:32.869[0m | [31m[1mERROR   [0m | [36msrc.core.database[0m:[36mget_connection[0m:[36m120[0m - [31m[1mDatabase error: 'DatabaseManager' object has no attribute '_engine'[0m
[32m2025-09-03 16:13:32.870[0m | [31m[1mERROR   [0m | [36msrc.api.websocket_handler[0m:[36mbroadcast_loop[0m:[36m305[0m - [31m[1mError in broadcast loop: 'DatabaseManager' object has no attribute '_engine'[0m
[32m2025-09-03 16:13:37.881[0m | [31m[1mERROR   [0m | [36msrc.core.database[0m:[36mget_connection[0m:[36m120[0m - [31m[1mDatabase error: 'DatabaseManager' object has no attribute '_engine'[0m
[32m2025-09-03 16:13:37.882[0m | [31m[1mERROR   [0m | [36msrc.api.websocket_handler[0m:[36mbroadcast_loop[0m:[36m305[0m - [31m[1mError in broadcast loop: 'DatabaseManager' object has no attribute '_engine'[0m
[32m2025-09-03 16:13:42.894[0m | [31m[1mERROR   [0m | [36msrc.core.database[0m:[36mget_connection[0m:[36m120[0m - [31m[1mDatabase error: 'DatabaseManager' object has no attribute '_engine'[0m
[32m2025-09-03 16:13:42.895[0m | [31m[1mERROR   [0m | [36msrc.api.websocket_handler[0m:[36mbroadcast_loop[0m:[36m305[0m - [31m[1mError in broadcast loop: 'DatabaseManager' object has no attribute '_engine'[0m
[32m2025-09-03 16:13:47.910[0m | [31m[1mERROR   [0m | [36msrc.core.database[0m:[36mget_connection[0m:[36m120[0m - [31m[1mDatabase error: 'DatabaseManager' object has no attribute '_engine'[0m
[32m2025-09-03 16:13:47.911[0m | [31m[1mERROR   [0m | [36msrc.api.websocket_handler[0m:[36mbroadcast_loop[0m:[36m305[0m - [31m[1mError in broadcast loop: 'DatabaseManager' object has no attribute '_engine'[0m
[32m2025-09-03 16:13:52.919[0m | [31m[1mERROR   [0m | [36msrc.core.database[0m:[36mget_connection[0m:[36m120[0m - [31m[1mDatabase error: 'DatabaseManager' object has no attribute '_engine'[0m
[32m2025-09-03 16:13:52.919[0m | [31m[1mERROR   [0m | [36msrc.api.websocket_handler[0m:[36mbroadcast_loop[0m:[36m305[0m - [31m[1mError in broadcast loop: 'DatabaseManager' object has no attribute '_engine'[0m
[32m2025-09-03 16:13:57.922[0m | [31m[1mERROR   [0m | [36msrc.core.database[0m:[36mget_connection[0m:[36m120[0m - [31m[1mDatabase error: 'DatabaseManager' object has no attribute '_engine'[0m
[32m2025-09-03 16:13:57.923[0m | [31m[1mERROR   [0m | [36msrc.api.websocket_handler[0m:[36mbroadcast_loop[0m:[36m305[0m - [31m[1mError in broadcast loop: 'DatabaseManager' object has no attribute '_engine'[0m
[32m2025-09-03 16:14:02.942[0m | [31m[1mERROR   [0m | [36msrc.core.database[0m:[36mget_connection[0m:[36m120[0m - [31m[1mDatabase error: 'DatabaseManager' object has no attribute '_engine'[0m
[32m2025-09-03 16:14:02.943[0m | [31m[1mERROR   [0m | [36msrc.api.websocket_handler[0m:[36mbroadcast_loop[0m:[36m305[0m - [31m[1mError in broadcast loop: 'DatabaseManager' object has no attribute '_engine'[0m
[32m2025-09-03 16:14:07.924[0m | [31m[1mERROR   [0m | [36msrc.core.database[0m:[36mget_connection[0m:[36m120[0m - [31m[1mDatabase error: 'DatabaseManager' object has no attribute '_engine'[0m
[32m2025-09-03 16:14:07.925[0m | [31m[1mERROR   [0m | [36msrc.api.websocket_handler[0m:[36mbroadcast_loop[0m:[36m305[0m - [31m[1mError in broadcast loop: 'DatabaseManager' object has no attribute '_engine'[0m
INFO:     Shutting down
INFO:     Waiting for application shutdown.
[32m2025-09-03 16:14:12.826[0m | [1mINFO    [0m | [36msrc.api.fastapi_app[0m:[36mlifespan[0m:[36m87[0m - [1mShutting down AGV RTLS API...[0m
INFO:     Application shutdown complete.
INFO:     Finished server process [12292]
INFO:     Will watch for changes in these directories: ['C:\\Users\\20030497\\Desktop\\AGV RTLS\\AGV_RTLS_V3']
INFO:     Uvicorn running on http://0.0.0.0:8000 (Press CTRL+C to quit)
INFO:     Started reloader process [7024] using StatReload
[32m2025-09-03 16:14:22.320[0m | [1mINFO    [0m | [36msrc.core.database[0m:[36m_init_checks[0m:[36m95[0m - [1mConnected to MySQL 8.0.43[0m
INFO:     Started server process [2924]
INFO:     Waiting for application startup.
[32m2025-09-03 16:14:25.805[0m | [1mINFO    [0m | [36msrc.api.fastapi_app[0m:[36mlifespan[0m:[36m73[0m - [1mStarting AGV RTLS API...[0m
[32m2025-09-03 16:14:25.806[0m | [1mINFO    [0m | [36msrc.api.websocket_handler[0m:[36mbroadcast_loop[0m:[36m268[0m - [1mStarting WebSocket broadcast loop[0m
INFO:     Application startup complete.
WARNING:  StatReload detected changes in 'src\dashboard\app.py'. Reloading...
INFO:     Shutting down
INFO:     Waiting for application shutdown.
[32m2025-09-03 16:24:18.100[0m | [1mINFO    [0m | [36msrc.api.fastapi_app[0m:[36mlifespan[0m:[36m87[0m - [1mShutting down AGV RTLS API...[0m
INFO:     Application shutdown complete.
INFO:     Finished server process [2924]
[32m2025-09-03 16:24:22.454[0m | [1mINFO    [0m | [36msrc.core.database[0m:[36m_init_checks[0m:[36m95[0m - [1mConnected to MySQL 8.0.43[0m
INFO:     Started server process [24144]
INFO:     Waiting for application startup.
[32m2025-09-03 16:24:29.560[0m | [1mINFO    [0m | [36msrc.api.fastapi_app[0m:[36mlifespan[0m:[36m73[0m - [1mStarting AGV RTLS API...[0m
[32m2025-09-03 16:24:29.561[0m | [1mINFO    [0m | [36msrc.api.websocket_handler[0m:[36mbroadcast_loop[0m:[36m268[0m - [1mStarting WebSocket broadcast loop[0m
INFO:     Application startup complete.
WARNING:  StatReload detected changes in 'src\dashboard\pages\02_fleet_analytics.py'. Reloading...
INFO:     Shutting down
INFO:     Waiting for application shutdown.
[32m2025-09-04 09:55:58.506[0m | [1mINFO    [0m | [36msrc.api.fastapi_app[0m:[36mlifespan[0m:[36m87[0m - [1mShutting down AGV RTLS API...[0m
INFO:     Application shutdown complete.
INFO:     Finished server process [24144]
[32m2025-09-04 09:56:19.075[0m | [1mINFO    [0m | [36msrc.core.database[0m:[36m_init_checks[0m:[36m95[0m - [1mConnected to MySQL 8.0.43[0m
INFO:     Started server process [32696]
INFO:     Waiting for application startup.
[32m2025-09-04 09:56:38.160[0m | [1mINFO    [0m | [36msrc.api.fastapi_app[0m:[36mlifespan[0m:[36m73[0m - [1mStarting AGV RTLS API...[0m
[32m2025-09-04 09:56:38.160[0m | [1mINFO    [0m | [36msrc.api.websocket_handler[0m:[36mbroadcast_loop[0m:[36m268[0m - [1mStarting WebSocket broadcast loop[0m
INFO:     Application startup complete.
INFO:     Will watch for changes in these directories: ['C:\\Users\\20030497\\Desktop\\AGV RTLS\\AGV_RTLS_V3']
INFO:     Uvicorn running on http://0.0.0.0:8000 (Press CTRL+C to quit)
INFO:     Started reloader process [18588] using StatReload
[32m2025-09-08 07:56:55.578[0m | [1mINFO    [0m | [36msrc.core.database[0m:[36m_init_checks[0m:[36m95[0m - [1mConnected to MySQL 8.0.43[0m
INFO:     Started server process [14156]
INFO:     Waiting for application startup.
[32m2025-09-08 07:57:03.652[0m | [1mINFO    [0m | [36msrc.api.fastapi_app[0m:[36mlifespan[0m:[36m73[0m - [1mStarting AGV RTLS API...[0m
[32m2025-09-08 07:57:03.652[0m | [1mINFO    [0m | [36msrc.api.websocket_handler[0m:[36mbroadcast_loop[0m:[36m268[0m - [1mStarting WebSocket broadcast loop[0m
INFO:     Application startup complete.
WARNING:  Invalid HTTP request received.
WARNING:  Invalid HTTP request received.
WARNING:  StatReload detected changes in 'src\dashboard\pages\03_live_monitor.py'. Reloading...
INFO:     Shutting down
INFO:     Waiting for application shutdown.
[32m2025-09-08 12:34:25.628[0m | [1mINFO    [0m | [36msrc.api.fastapi_app[0m:[36mlifespan[0m:[36m87[0m - [1mShutting down AGV RTLS API...[0m
INFO:     Application shutdown complete.
INFO:     Finished server process [14156]
INFO:     Will watch for changes in these directories: ['C:\\Users\\20030497\\Desktop\\AGV RTLS\\AGV_RTLS_V3']
INFO:     Uvicorn running on http://0.0.0.0:8000 (Press CTRL+C to quit)
INFO:     Started reloader process [27056] using StatReload
[32m2025-09-08 12:34:45.729[0m | [1mINFO    [0m | [36msrc.core.database[0m:[36m_init_checks[0m:[36m95[0m - [1mConnected to MySQL 8.0.43[0m
INFO:     Started server process [23564]
INFO:     Waiting for application startup.
[32m2025-09-08 12:34:54.600[0m | [1mINFO    [0m | [36msrc.api.fastapi_app[0m:[36mlifespan[0m:[36m73[0m - [1mStarting AGV RTLS API...[0m
[32m2025-09-08 12:34:54.600[0m | [1mINFO    [0m | [36msrc.api.websocket_handler[0m:[36mbroadcast_loop[0m:[36m268[0m - [1mStarting WebSocket broadcast loop[0m
INFO:     Application startup complete.
INFO:     Shutting down
INFO:     Waiting for application shutdown.
[32m2025-09-08 13:30:36.782[0m | [1mINFO    [0m | [36msrc.api.fastapi_app[0m:[36mlifespan[0m:[36m87[0m - [1mShutting down AGV RTLS API...[0m
INFO:     Application shutdown complete.
INFO:     Finished server process [23564]
INFO:     Will watch for changes in these directories: ['C:\\Users\\20030497\\Desktop\\AGV RTLS\\AGV_RTLS_V3']
INFO:     Uvicorn running on http://0.0.0.0:8000 (Press CTRL+C to quit)
INFO:     Started reloader process [2992] using StatReload
[32m2025-09-08 13:30:57.352[0m | [1mINFO    [0m | [36msrc.core.database[0m:[36m_init_checks[0m:[36m95[0m - [1mConnected to MySQL 8.0.43[0m
INFO:     Started server process [28296]
INFO:     Waiting for application startup.
[32m2025-09-08 13:31:08.863[0m | [1mINFO    [0m | [36msrc.api.fastapi_app[0m:[36mlifespan[0m:[36m73[0m - [1mStarting AGV RTLS API...[0m
[32m2025-09-08 13:31:08.864[0m | [1mINFO    [0m | [36msrc.api.websocket_handler[0m:[36mbroadcast_loop[0m:[36m268[0m - [1mStarting WebSocket broadcast loop[0m
INFO:     Application startup complete.
WARNING:  StatReload detected changes in 'src\dashboard\pages\03_live_monitor.py'. Reloading...
INFO:     Shutting down
INFO:     Waiting for application shutdown.
[32m2025-09-08 13:43:07.705[0m | [1mINFO    [0m | [36msrc.api.fastapi_app[0m:[36mlifespan[0m:[36m87[0m - [1mShutting down AGV RTLS API...[0m
INFO:     Application shutdown complete.
INFO:     Finished server process [28296]
Traceback (most recent call last):
  File "<string>", line 1, in <module>
  File "C:\Users\20030497\AppData\Local\Programs\Python\Python310\lib\multiprocessing\spawn.py", line 107, in spawn_main
    new_handle = reduction.duplicate(pipe_handle,
  File "C:\Users\20030497\AppData\Local\Programs\Python\Python310\lib\multiprocessing\reduction.py", line 79, in duplicate
    return _winapi.DuplicateHandle(
PermissionError: [WinError 5] Access is denied
INFO:     Will watch for changes in these directories: ['C:\\Users\\20030497\\Desktop\\AGV RTLS\\AGV_RTLS_V3']
INFO:     Uvicorn running on http://0.0.0.0:8000 (Press CTRL+C to quit)
INFO:     Started reloader process [12336] using StatReload
[32m2025-09-08 13:43:25.009[0m | [1mINFO    [0m | [36msrc.core.database[0m:[36m_init_checks[0m:[36m95[0m - [1mConnected to MySQL 8.0.43[0m
INFO:     Started server process [10356]
INFO:     Waiting for application startup.
[32m2025-09-08 13:43:36.128[0m | [1mINFO    [0m | [36msrc.api.fastapi_app[0m:[36mlifespan[0m:[36m73[0m - [1mStarting AGV RTLS API...[0m
[32m2025-09-08 13:43:36.128[0m | [1mINFO    [0m | [36msrc.api.websocket_handler[0m:[36mbroadcast_loop[0m:[36m268[0m - [1mStarting WebSocket broadcast loop[0m
INFO:     Application startup complete.
INFO:     Shutting down
INFO:     Waiting for application shutdown.
[32m2025-09-08 13:49:48.635[0m | [1mINFO    [0m | [36msrc.api.fastapi_app[0m:[36mlifespan[0m:[36m87[0m - [1mShutting down AGV RTLS API...[0m
INFO:     Application shutdown complete.
INFO:     Finished server process [10356]
INFO:     Will watch for changes in these directories: ['C:\\Users\\20030497\\Desktop\\AGV RTLS\\AGV_RTLS_V3']
INFO:     Uvicorn running on http://0.0.0.0:8000 (Press CTRL+C to quit)
INFO:     Started reloader process [28628] using StatReload
[32m2025-09-08 14:06:13.152[0m | [1mINFO    [0m | [36msrc.core.database[0m:[36m_init_checks[0m:[36m95[0m - [1mConnected to MySQL 8.0.43[0m
INFO:     Started server process [25428]
INFO:     Waiting for application startup.
[32m2025-09-08 14:06:27.406[0m | [1mINFO    [0m | [36msrc.api.fastapi_app[0m:[36mlifespan[0m:[36m73[0m - [1mStarting AGV RTLS API...[0m
[32m2025-09-08 14:06:27.406[0m | [1mINFO    [0m | [36msrc.api.websocket_handler[0m:[36mbroadcast_loop[0m:[36m268[0m - [1mStarting WebSocket broadcast loop[0m
INFO:     Application startup complete.
WARNING:  StatReload detected changes in 'src\dashboard\pages\03_live_monitor.py'. Reloading...
INFO:     Shutting down
INFO:     Waiting for application shutdown.
[32m2025-09-08 14:12:50.516[0m | [1mINFO    [0m | [36msrc.api.fastapi_app[0m:[36mlifespan[0m:[36m87[0m - [1mShutting down AGV RTLS API...[0m
INFO:     Application shutdown complete.
INFO:     Finished server process [25428]
INFO:     Will watch for changes in these directories: ['C:\\Users\\20030497\\Desktop\\AGV RTLS\\AGV_RTLS_V3']
INFO:     Uvicorn running on http://0.0.0.0:8000 (Press CTRL+C to quit)
INFO:     Started reloader process [29504] using StatReload
[32m2025-09-08 14:13:11.706[0m | [1mINFO    [0m | [36msrc.core.database[0m:[36m_init_checks[0m:[36m95[0m - [1mConnected to MySQL 8.0.43[0m
INFO:     Started server process [22756]
INFO:     Waiting for application startup.
[32m2025-09-08 14:13:17.111[0m | [1mINFO    [0m | [36msrc.api.fastapi_app[0m:[36mlifespan[0m:[36m73[0m - [1mStarting AGV RTLS API...[0m
[32m2025-09-08 14:13:17.111[0m | [1mINFO    [0m | [36msrc.api.websocket_handler[0m:[36mbroadcast_loop[0m:[36m268[0m - [1mStarting WebSocket broadcast loop[0m
INFO:     Application startup complete.
WARNING:  StatReload detected changes in 'src\dashboard\pages\03_live_monitor.py'. Reloading...
INFO:     Shutting down
INFO:     Waiting for application shutdown.
[32m2025-09-08 14:17:52.940[0m | [1mINFO    [0m | [36msrc.api.fastapi_app[0m:[36mlifespan[0m:[36m87[0m - [1mShutting down AGV RTLS API...[0m
INFO:     Application shutdown complete.
INFO:     Finished server process [22756]
INFO:     Will watch for changes in these directories: ['C:\\Users\\20030497\\Desktop\\AGV RTLS\\AGV_RTLS_V3']
INFO:     Uvicorn running on http://0.0.0.0:8000 (Press CTRL+C to quit)
INFO:     Started reloader process [1944] using StatReload
[32m2025-09-08 14:52:54.423[0m | [1mINFO    [0m | [36msrc.core.database[0m:[36m_init_checks[0m:[36m95[0m - [1mConnected to MySQL 8.0.43[0m
INFO:     Started server process [26256]
INFO:     Waiting for application startup.
[32m2025-09-08 14:53:08.371[0m | [1mINFO    [0m | [36msrc.api.fastapi_app[0m:[36mlifespan[0m:[36m73[0m - [1mStarting AGV RTLS API...[0m
[32m2025-09-08 14:53:08.371[0m | [1mINFO    [0m | [36msrc.api.websocket_handler[0m:[36mbroadcast_loop[0m:[36m268[0m - [1mStarting WebSocket broadcast loop[0m
INFO:     Application startup complete.
WARNING:  StatReload detected changes in 'src\dashboard\pages\03_live_monitor.py'. Reloading...
INFO:     Shutting down
INFO:     Waiting for application shutdown.
[32m2025-09-08 14:59:55.991[0m | [1mINFO    [0m | [36msrc.api.fastapi_app[0m:[36mlifespan[0m:[36m87[0m - [1mShutting down AGV RTLS API...[0m
INFO:     Application shutdown complete.
INFO:     Finished server process [26256]
INFO:     Will watch for changes in these directories: ['C:\\Users\\20030497\\Desktop\\AGV RTLS\\AGV_RTLS_V3']
INFO:     Uvicorn running on http://0.0.0.0:8000 (Press CTRL+C to quit)
INFO:     Started reloader process [4304] using StatReload
[32m2025-09-08 15:00:13.386[0m | [1mINFO    [0m | [36msrc.core.database[0m:[36m_init_checks[0m:[36m95[0m - [1mConnected to MySQL 8.0.43[0m
INFO:     Started server process [4084]
INFO:     Waiting for application startup.
[32m2025-09-08 15:00:25.438[0m | [1mINFO    [0m | [36msrc.api.fastapi_app[0m:[36mlifespan[0m:[36m73[0m - [1mStarting AGV RTLS API...[0m
[32m2025-09-08 15:00:25.438[0m | [1mINFO    [0m | [36msrc.api.websocket_handler[0m:[36mbroadcast_loop[0m:[36m268[0m - [1mStarting WebSocket broadcast loop[0m
INFO:     Application startup complete.
INFO:     Shutting down
INFO:     Waiting for application shutdown.
[32m2025-09-08 15:26:22.492[0m | [1mINFO    [0m | [36msrc.api.fastapi_app[0m:[36mlifespan[0m:[36m87[0m - [1mShutting down AGV RTLS API...[0m
INFO:     Application shutdown complete.
INFO:     Finished server process [4084]
WARNING:  StatReload detected changes in 'src\dashboard\pages\03_live_monitor.py'. Reloading...
INFO:     Stopping reloader process [4304]
INFO:     Will watch for changes in these directories: ['C:\\Users\\20030497\\Desktop\\AGV RTLS\\AGV_RTLS_V3']
INFO:     Uvicorn running on http://0.0.0.0:8000 (Press CTRL+C to quit)
INFO:     Started reloader process [24428] using StatReload
[32m2025-09-08 15:26:41.598[0m | [1mINFO    [0m | [36msrc.core.database[0m:[36m_init_checks[0m:[36m95[0m - [1mConnected to MySQL 8.0.43[0m
INFO:     Started server process [28772]
INFO:     Waiting for application startup.
[32m2025-09-08 15:26:53.512[0m | [1mINFO    [0m | [36msrc.api.fastapi_app[0m:[36mlifespan[0m:[36m73[0m - [1mStarting AGV RTLS API...[0m
[32m2025-09-08 15:26:53.512[0m | [1mINFO    [0m | [36msrc.api.websocket_handler[0m:[36mbroadcast_loop[0m:[36m268[0m - [1mStarting WebSocket broadcast loop[0m
INFO:     Application startup complete.
INFO:     Shutting down
INFO:     Waiting for application shutdown.
[32m2025-09-08 15:32:56.172[0m | [1mINFO    [0m | [36msrc.api.fastapi_app[0m:[36mlifespan[0m:[36m87[0m - [1mShutting down AGV RTLS API...[0m
INFO:     Application shutdown complete.
INFO:     Finished server process [28772]
WARNING:  StatReload detected changes in 'src\dashboard\pages\03_live_monitor.py'. Reloading...
[32m2025-09-08 15:33:01.512[0m | [1mINFO    [0m | [36msrc.core.database[0m:[36m_init_checks[0m:[36m95[0m - [1mConnected to MySQL 8.0.43[0m
INFO:     Started server process [27948]
INFO:     Waiting for application startup.
[32m2025-09-08 15:33:06.545[0m | [1mINFO    [0m | [36msrc.api.fastapi_app[0m:[36mlifespan[0m:[36m73[0m - [1mStarting AGV RTLS API...[0m
[32m2025-09-08 15:33:06.546[0m | [1mINFO    [0m | [36msrc.api.websocket_handler[0m:[36mbroadcast_loop[0m:[36m268[0m - [1mStarting WebSocket broadcast loop[0m
INFO:     Application startup complete.
INFO:     Shutting down
INFO:     Waiting for application shutdown.
[32m2025-09-08 15:33:36.423[0m | [1mINFO    [0m | [36msrc.api.fastapi_app[0m:[36mlifespan[0m:[36m87[0m - [1mShutting down AGV RTLS API...[0m
INFO:     Application shutdown complete.
INFO:     Finished server process [27948]
INFO:     Stopping reloader process [24428]
INFO:     Will watch for changes in these directories: ['C:\\Users\\20030497\\Desktop\\AGV RTLS\\AGV_RTLS_V3']
INFO:     Uvicorn running on http://0.0.0.0:8000 (Press CTRL+C to quit)
INFO:     Started reloader process [6884] using StatReload
[32m2025-09-08 15:35:20.310[0m | [1mINFO    [0m | [36msrc.core.database[0m:[36m_init_checks[0m:[36m95[0m - [1mConnected to MySQL 8.0.43[0m
INFO:     Started server process [28316]
INFO:     Waiting for application startup.
[32m2025-09-08 15:35:28.233[0m | [1mINFO    [0m | [36msrc.api.fastapi_app[0m:[36mlifespan[0m:[36m73[0m - [1mStarting AGV RTLS API...[0m
[32m2025-09-08 15:35:28.234[0m | [1mINFO    [0m | [36msrc.api.websocket_handler[0m:[36mbroadcast_loop[0m:[36m268[0m - [1mStarting WebSocket broadcast loop[0m
INFO:     Application startup complete.
INFO:     Shutting down
INFO:     Waiting for application shutdown.
[32m2025-09-08 15:38:43.763[0m | [1mINFO    [0m | [36msrc.api.fastapi_app[0m:[36mlifespan[0m:[36m87[0m - [1mShutting down AGV RTLS API...[0m
INFO:     Application shutdown complete.
INFO:     Finished server process [28316]
INFO:     Stopping reloader process [6884]
INFO:     Will watch for changes in these directories: ['C:\\Users\\20030497\\Desktop\\AGV RTLS\\AGV_RTLS_V3']
INFO:     Uvicorn running on http://0.0.0.0:8000 (Press CTRL+C to quit)
INFO:     Started reloader process [24324] using StatReload
[32m2025-09-08 15:39:52.396[0m | [1mINFO    [0m | [36msrc.core.database[0m:[36m_init_checks[0m:[36m95[0m - [1mConnected to MySQL 8.0.43[0m
INFO:     Started server process [10364]
INFO:     Waiting for application startup.
[32m2025-09-08 15:40:02.214[0m | [1mINFO    [0m | [36msrc.api.fastapi_app[0m:[36mlifespan[0m:[36m73[0m - [1mStarting AGV RTLS API...[0m
[32m2025-09-08 15:40:02.215[0m | [1mINFO    [0m | [36msrc.api.websocket_handler[0m:[36mbroadcast_loop[0m:[36m268[0m - [1mStarting WebSocket broadcast loop[0m
INFO:     Application startup complete.
INFO:     Shutting down
INFO:     Waiting for application shutdown.
[32m2025-09-08 15:40:48.429[0m | [1mINFO    [0m | [36msrc.api.fastapi_app[0m:[36mlifespan[0m:[36m87[0m - [1mShutting down AGV RTLS API...[0m
INFO:     Application shutdown complete.
INFO:     Finished server process [10364]
